ProtocolGame parse message exception (69 bytes, 51 unread, last opcode is 0x00 (0), prev opcode is 0xf9 (249), proto: 772): InputMessage eof reached
48 00 41 00 
f9 03 0c 00 00 00 00 00 00 00 00 
00 f8 0c 00 00 00 00 00 00 00 00 00 00 00 00 00 00 00 00 00 00 00 00 00 00 00 00 00 00 00 00 00 04 00 30 2e 30 30 00 00 00 00 00 00 00 00 00 00 00 00 00 00 00 00 

ProtocolGame parse message exception (69 bytes, 51 unread, last opcode is 0x00 (0), prev opcode is 0xf9 (249), proto: 772): InputMessage eof reached
48 00 41 00 
f9 03 0c 00 00 00 00 00 00 00 00 
00 f8 0c 00 00 00 00 00 00 00 00 00 00 00 00 00 00 00 00 00 00 00 00 00 00 00 00 00 00 00 00 00 04 00 30 2e 30 30 00 00 00 00 00 00 00 00 00 00 00 00 00 00 00 00 

ProtocolGame parse message exception (84 bytes, 66 unread, last opcode is 0x00 (0), prev opcode is 0xf9 (249), proto: 772): InputMessage eof reached
58 00 50 00 
f9 03 0c 00 00 00 00 00 00 00 00 
00 f8 0c 00 00 00 00 00 00 00 00 00 00 00 00 00 00 00 00 00 00 00 00 00 00 00 00 00 00 00 00 00 04 00 30 2e 30 30 00 00 00 00 00 00 00 00 00 00 00 00 00 00 00 00 6d 5d 7e dc 7d 07 01 5e 7e dc 7d 07 82 ff d7 

ProtocolGame parse message exception (69 bytes, 51 unread, last opcode is 0x00 (0), prev opcode is 0xf9 (249), proto: 772): InputMessage eof reached
48 00 41 00 
f9 03 0c 00 00 00 00 00 00 00 00 
00 f8 0c 00 00 00 00 00 00 00 00 00 00 00 00 00 00 00 00 00 00 00 00 00 00 00 00 00 00 00 00 00 04 00 30 2e 30 30 00 00 00 00 00 00 00 00 00 00 00 00 00 00 00 00 

ProtocolGame parse message exception (69 bytes, 51 unread, last opcode is 0x00 (0), prev opcode is 0xf9 (249), proto: 772): InputMessage eof reached
48 00 41 00 
f9 03 0c 00 00 00 00 00 00 00 00 
00 f8 0c 00 00 00 00 00 00 00 00 00 00 00 00 00 00 00 00 00 00 00 00 00 00 00 00 00 00 00 00 00 04 00 30 2e 30 30 00 00 00 00 00 00 00 00 00 00 00 00 00 00 00 00 

ProtocolGame parse message exception (69 bytes, 51 unread, last opcode is 0x00 (0), prev opcode is 0xf9 (249), proto: 772): InputMessage eof reached
48 00 41 00 
f9 03 0c 00 00 00 00 00 00 00 00 
00 f8 0c 00 00 00 00 00 00 00 00 00 00 00 00 00 00 00 00 00 00 00 00 00 00 00 00 00 00 00 00 00 04 00 30 2e 30 30 00 00 00 00 00 00 00 00 00 00 00 00 00 00 00 00 

ProtocolGame parse message exception (69 bytes, 51 unread, last opcode is 0x00 (0), prev opcode is 0xf9 (249), proto: 772): InputMessage eof reached
48 00 41 00 
f9 03 0c 00 00 00 00 00 00 00 00 
00 f8 0c 00 00 00 00 00 00 00 00 00 00 00 00 00 00 00 00 00 00 00 00 00 00 00 00 00 00 00 00 00 04 00 30 2e 30 30 00 00 00 00 00 00 00 00 00 00 00 00 00 00 00 00 

ProtocolGame parse message exception (69 bytes, 51 unread, last opcode is 0x00 (0), prev opcode is 0xf9 (249), proto: 772): InputMessage eof reached
48 00 41 00 
f9 03 0c 00 00 00 00 00 00 00 00 
00 f8 0c 00 00 00 00 00 00 00 00 00 00 00 00 00 00 00 00 00 00 00 00 00 00 00 00 00 00 00 00 00 04 00 30 2e 30 30 00 00 00 00 00 00 00 00 00 00 00 00 00 00 00 00 

ProtocolGame parse message exception (69 bytes, 51 unread, last opcode is 0x00 (0), prev opcode is 0xf9 (249), proto: 772): InputMessage eof reached
48 00 41 00 
f9 03 0c 00 00 00 00 00 00 00 00 
00 f8 0c 00 00 00 00 00 00 00 00 00 00 00 00 00 00 00 00 00 00 00 00 00 00 00 00 00 00 00 00 00 04 00 30 2e 30 30 00 00 00 00 00 00 00 00 00 00 00 00 00 00 00 00 

ProtocolGame parse message exception (69 bytes, 51 unread, last opcode is 0x00 (0), prev opcode is 0xf9 (249), proto: 772): InputMessage eof reached
48 00 41 00 
f9 03 0c 00 00 00 00 00 00 00 00 
00 f8 0c 00 00 00 00 00 00 00 00 00 00 00 00 00 00 00 00 00 00 00 00 00 00 00 00 00 00 00 00 00 04 00 30 2e 30 30 00 00 00 00 00 00 00 00 00 00 00 00 00 00 00 00 

ProtocolGame parse message exception (69 bytes, 51 unread, last opcode is 0x00 (0), prev opcode is 0xf9 (249), proto: 772): InputMessage eof reached
48 00 41 00 
f9 03 0c 00 00 00 00 00 00 00 00 
00 f8 0c 00 00 00 00 00 00 00 00 00 00 00 00 00 00 00 00 00 00 00 00 00 00 00 00 00 00 00 00 00 04 00 30 2e 30 30 00 00 00 00 00 00 00 00 00 00 00 00 00 00 00 00 

ProtocolGame parse message exception (69 bytes, 51 unread, last opcode is 0x00 (0), prev opcode is 0xf9 (249), proto: 772): InputMessage eof reached
48 00 41 00 
f9 03 0c 00 00 00 00 00 00 00 00 
00 f8 0c 00 00 00 00 00 00 00 00 00 00 00 00 00 00 00 00 00 00 00 00 00 00 00 00 00 00 00 00 00 04 00 30 2e 30 30 00 00 00 00 00 00 00 00 00 00 00 00 00 00 00 00 

ProtocolGame parse message exception (76 bytes, 58 unread, last opcode is 0x00 (0), prev opcode is 0xf9 (249), proto: 772): InputMessage eof reached
50 00 48 00 
f9 03 0c 00 00 00 00 00 00 00 00 
00 f8 0c 00 00 00 00 00 00 00 00 00 00 00 00 00 00 00 00 00 00 00 00 00 00 00 00 00 00 00 00 00 04 00 30 2e 30 30 00 00 00 00 00 00 00 00 00 00 00 00 00 00 00 00 6c 5d 7e dc 7d 07 01 

ProtocolGame parse message exception (69 bytes, 51 unread, last opcode is 0x00 (0), prev opcode is 0xf9 (249), proto: 772): InputMessage eof reached
48 00 41 00 
f9 03 0c 00 00 00 00 00 00 00 00 
00 f8 0c 00 00 00 00 00 00 00 00 00 00 00 00 00 00 00 00 00 00 00 00 00 00 00 00 00 00 00 00 00 04 00 30 2e 30 30 00 00 00 00 00 00 00 00 00 00 00 00 00 00 00 00 

ProtocolGame parse message exception (69 bytes, 51 unread, last opcode is 0x00 (0), prev opcode is 0xf9 (249), proto: 772): InputMessage eof reached
48 00 41 00 
f9 03 ff 00 00 00 00 00 00 00 00 
00 f8 ff 00 00 00 00 00 00 00 00 00 00 00 00 00 00 00 00 00 00 00 00 00 00 00 00 00 00 00 00 00 04 00 30 2e 30 30 00 00 00 00 00 00 00 00 00 00 00 00 00 00 00 00 

ProtocolGame parse message exception (69 bytes, 51 unread, last opcode is 0x00 (0), prev opcode is 0xf9 (249), proto: 772): InputMessage eof reached
48 00 41 00 
f9 03 fe 00 00 00 00 00 00 00 00 
00 f8 fe 00 00 00 00 00 00 00 00 00 00 00 00 00 00 00 00 00 00 00 00 00 00 00 00 00 00 00 00 00 04 00 30 2e 30 30 00 00 00 00 00 00 00 00 00 00 00 00 00 00 00 00 

ProtocolGame parse message exception (69 bytes, 51 unread, last opcode is 0x00 (0), prev opcode is 0xf9 (249), proto: 772): InputMessage eof reached
48 00 41 00 
f9 03 c0 00 00 00 00 00 00 00 00 
00 f8 c0 00 00 00 00 00 00 00 00 00 00 00 00 00 00 00 00 00 00 00 00 00 00 00 00 00 00 00 00 00 04 00 30 2e 30 30 00 00 00 00 00 00 00 00 00 00 00 00 00 00 00 00 

ProtocolGame parse message exception (69 bytes, 51 unread, last opcode is 0x00 (0), prev opcode is 0xf9 (249), proto: 772): InputMessage eof reached
48 00 41 00 
f9 03 c0 00 00 00 00 00 00 00 00 
00 f8 c0 00 00 00 00 00 00 00 00 00 00 00 00 00 00 00 00 00 00 00 00 00 00 00 00 00 00 00 00 00 04 00 30 2e 30 30 00 00 00 00 00 00 00 00 00 00 00 00 00 00 00 00 

ProtocolGame parse message exception (16 bytes, 11 unread, last opcode is 0xf9 (249), prev opcode is 0xffffffff (-1), proto: 772): unhandled opcode 249
10 00 0c 00 
f9 03 c0 0c 00 00 00 00 00 00 00 00 

ProtocolGame parse message exception (16 bytes, 11 unread, last opcode is 0xf9 (249), prev opcode is 0xffffffff (-1), proto: 772): unhandled opcode 249
10 00 0c 00 
f9 03 c0 0c 00 00 00 00 00 00 00 00 

ProtocolGame parse message exception (16 bytes, 11 unread, last opcode is 0xf9 (249), prev opcode is 0xffffffff (-1), proto: 772): unhandled opcode 249
10 00 0c 00 
f9 03 c0 0c 00 00 00 00 00 00 00 00 

ProtocolGame parse message exception (74 bytes, 69 unread, last opcode is 0xf9 (249), prev opcode is 0xffffffff (-1), proto: 772): unhandled opcode 249
48 00 46 00 
f9 03 c0 0c 00 00 00 00 00 00 00 00 f8 c0 0c 00 00 02 00 31 34 00 00 02 00 31 32 00 00 00 00 00 00 00 00 00 00 00 00 00 00 00 00 00 00 00 00 05 00 33 35 2e 30 30 00 00 00 00 00 00 00 00 00 00 00 00 00 00 00 00 

ProtocolGame parse message exception (74 bytes, 69 unread, last opcode is 0xf9 (249), prev opcode is 0xffffffff (-1), proto: 772): unhandled opcode 249
48 00 46 00 
f9 03 c0 0c 00 00 00 00 00 00 00 00 f8 c0 0c 00 00 02 00 31 34 00 00 02 00 31 32 00 00 00 00 00 00 00 00 00 00 00 00 00 00 00 00 00 00 00 00 05 00 33 35 2e 30 30 00 00 00 00 00 00 00 00 00 00 00 00 00 00 00 00 

ProtocolGame parse message exception (74 bytes, 69 unread, last opcode is 0xf9 (249), prev opcode is 0xffffffff (-1), proto: 772): unhandled opcode 249
48 00 46 00 
f9 03 c0 0c 00 00 00 00 00 00 00 00 f8 c0 0c 00 00 02 00 31 34 00 00 02 00 31 32 00 00 00 00 00 00 00 00 00 00 00 00 00 00 00 00 00 00 00 00 05 00 33 35 2e 30 30 00 00 00 00 00 00 00 00 00 00 00 00 00 00 00 00 

ProtocolGame parse message exception (73 bytes, 1 unread, last opcode is 0x00 (0), prev opcode is 0x00 (0), proto: 772): InputMessage eof reached
48 00 45 00 f9 c0 0c 00 00 00 00 00 00 00 00 f8 c0 0c 00 00 02 00 31 34 00 00 02 00 31 32 00 00 00 00 00 00 00 00 00 00 00 00 00 00 00 00 00 00 00 00 05 00 33 35 2e 30 30 00 00 00 00 00 00 00 
00 00 00 00 00 
00 00 00 00 

ProtocolGame parse message exception (73 bytes, 1 unread, last opcode is 0x00 (0), prev opcode is 0x00 (0), proto: 772): InputMessage eof reached
48 00 45 00 f9 c0 0c 00 00 00 00 00 00 00 00 f8 c0 0c 00 00 02 00 31 34 00 00 02 00 31 32 00 00 00 00 00 00 00 00 00 00 00 00 00 00 00 00 00 00 00 00 05 00 33 35 2e 30 30 00 00 00 00 00 00 00 
00 00 00 00 00 
00 00 00 00 

ProtocolGame parse message exception (88 bytes, 1 unread, last opcode is 0x00 (0), prev opcode is 0x00 (0), proto: 772): InputMessage eof reached
58 00 54 00 f9 c0 0c 00 00 00 00 00 00 00 00 f8 c0 0c 00 00 02 00 31 34 00 00 02 00 31 32 00 00 00 00 00 00 00 00 00 00 00 00 00 00 00 00 00 00 0f 00 73 74 61 62 62 69 6e 67 20 77 65 61 70 6f 6e 05 00 33 35 2e 30 30 00 00 00 00 00 00 00 
00 00 00 00 00 
00 00 00 00 

ProtocolGame parse message exception (88 bytes, 1 unread, last opcode is 0x00 (0), prev opcode is 0x00 (0), proto: 772): InputMessage eof reached
58 00 54 00 f9 c0 0c 00 00 00 00 00 00 00 00 f8 c0 0c 00 00 02 00 31 34 00 00 02 00 31 32 00 00 00 00 00 00 00 00 00 00 00 00 00 00 00 00 00 00 0f 00 73 74 61 62 62 69 6e 67 20 77 65 61 70 6f 6e 05 00 33 35 2e 30 30 00 00 00 00 00 00 00 
00 00 00 00 00 
00 00 00 00 

ProtocolGame parse message exception (70 bytes, 37 unread, last opcode is 0xf9 (249), prev opcode is 0xf6 (246), proto: 772): unhandled opcode 249
48 00 42 00 
f6 01 38 23 00 00 00 00 00 00 04 00 c0 0c 01 00 1e 0d 01 00 ae 0d 01 00 35 1d 01 00 
f9 c0 0c 01 00 00 00 61 1e 53 62 02 00 01 00 01 00 00 00 00 00 00 00 09 00 41 6e 6f 6e 79 6d 6f 75 73 00 00 00 00 

ProtocolGame parse message exception (115 bytes, 110 unread, last opcode is 0xf9 (249), prev opcode is 0xffffffff (-1), proto: 772): unhandled opcode 249
78 00 6f 00 
f9 c0 0c 01 00 00 00 61 1e 53 62 02 00 01 00 01 00 00 00 00 00 00 00 09 00 41 6e 6f 6e 79 6d 6f 75 73 00 00 00 00 f8 c0 0c 00 00 02 00 31 34 00 00 02 00 31 32 00 00 00 00 00 00 00 00 00 00 00 00 00 00 00 00 00 00 0f 00 73 74 61 62 62 69 6e 67 20 77 65 61 70 6f 6e 05 00 33 35 2e 30 30 00 00 00 00 00 00 00 00 00 00 00 00 00 00 00 00 

ProtocolGame parse message exception (88 bytes, 1 unread, last opcode is 0x00 (0), prev opcode is 0x00 (0), proto: 772): InputMessage eof reached
58 00 54 00 f9 c0 0c 00 00 00 00 00 00 00 00 f8 c0 0c 00 00 02 00 31 34 00 00 02 00 31 32 00 00 00 00 00 00 00 00 00 00 00 00 00 00 00 00 00 00 0f 00 73 74 61 62 62 69 6e 67 20 77 65 61 70 6f 6e 05 00 33 35 2e 30 30 00 00 00 00 00 00 00 
00 00 00 00 00 
00 00 00 00 

ProtocolGame parse message exception (115 bytes, 1 unread, last opcode is 0x00 (0), prev opcode is 0x00 (0), proto: 772): InputMessage eof reached
78 00 6f 00 f9 c0 0c 01 00 00 00 38 1f 53 62 03 00 01 00 01 00 00 00 00 00 00 00 09 00 41 6e 6f 6e 79 6d 6f 75 73 00 00 00 00 f8 c0 0c 00 00 02 00 31 34 00 00 02 00 31 32 00 00 00 00 00 00 00 00 00 00 00 00 00 00 00 00 00 00 0f 00 73 74 61 62 62 69 6e 67 20 77 65 61 70 6f 6e 05 00 33 35 2e 30 30 00 00 00 00 00 00 00 
00 00 00 00 00 
00 00 00 00 

ProtocolGame parse message exception (139 bytes, 1 unread, last opcode is 0x00 (0), prev opcode is 0x00 (0), proto: 772): InputMessage eof reached
90 00 87 00 f9 c0 0c 02 00 00 00 38 1f 53 62 03 00 01 00 01 00 00 00 00 00 00 00 09 00 41 6e 6f 6e 79 6d 6f 75 73 c5 1f 53 62 04 00 01 00 02 00 00 00 00 00 00 00 06 00 45 72 69 6b 61 73 00 00 00 00 f8 c0 0c 00 00 02 00 31 34 00 00 02 00 31 32 00 00 00 00 00 00 00 00 00 00 00 00 00 00 00 00 00 00 0f 00 73 74 61 62 62 69 6e 67 20 77 65 61 70 6f 6e 05 00 33 35 2e 30 30 00 00 00 00 00 00 00 
00 00 00 00 00 
00 00 00 00 

ProtocolGame parse message exception (176 bytes, 1 unread, last opcode is 0x00 (0), prev opcode is 0x00 (0), proto: 772): InputMessage eof reached
b0 00 ac 00 b4 15 21 00 59 6f 75 20 63 61 6e 6e 6f 74 20 61 63 63 65 70 74 20 79 6f 75 72 20 6f 77 6e 20 6f 66 66 65 72 2e f9 c0 0c 02 00 00 00 38 1f 53 62 03 00 01 00 01 00 00 00 00 00 00 00 09 00 41 6e 6f 6e 79 6d 6f 75 73 c5 1f 53 62 04 00 01 00 02 00 00 00 00 00 00 00 06 00 45 72 69 6b 61 73 00 00 00 00 f8 c0 0c 00 00 02 00 31 34 00 00 02 00 31 32 00 00 00 00 00 00 00 00 00 00 00 00 00 00 00 00 00 00 0f 00 73 74 61 62 62 69 6e 67 20 77 65 61 70 6f 6e 05 00 33 35 2e 30 30 00 00 00 00 00 00 00 
00 00 00 00 00 
00 00 00 00 

ProtocolGame parse message exception (176 bytes, 1 unread, last opcode is 0x00 (0), prev opcode is 0x00 (0), proto: 772): InputMessage eof reached
b0 00 ac 00 b4 15 21 00 59 6f 75 20 63 61 6e 6e 6f 74 20 61 63 63 65 70 74 20 79 6f 75 72 20 6f 77 6e 20 6f 66 66 65 72 2e f9 c0 0c 02 00 00 00 38 1f 53 62 03 00 01 00 01 00 00 00 00 00 00 00 09 00 41 6e 6f 6e 79 6d 6f 75 73 c5 1f 53 62 04 00 01 00 02 00 00 00 00 00 00 00 06 00 45 72 69 6b 61 73 00 00 00 00 f8 c0 0c 00 00 02 00 31 34 00 00 02 00 31 32 00 00 00 00 00 00 00 00 00 00 00 00 00 00 00 00 00 00 0f 00 73 74 61 62 62 69 6e 67 20 77 65 61 70 6f 6e 05 00 33 35 2e 30 30 00 00 00 00 00 00 00 
00 00 00 00 00 
00 00 00 00 

ProtocolGame parse message exception (50 bytes, 45 unread, last opcode is 0xf9 (249), prev opcode is 0xffffffff (-1), proto: 772): unhandled opcode 249
30 00 2e 00 
f9 fe 02 00 00 00 38 1f 53 62 03 00 c0 0c 01 00 01 00 00 00 00 00 00 00 c5 1f 53 62 04 00 c0 0c 01 00 02 00 00 00 00 00 00 00 00 00 00 00 

ProtocolGame parse message exception (139 bytes, 1 unread, last opcode is 0x00 (0), prev opcode is 0x00 (0), proto: 772): InputMessage eof reached
90 00 87 00 f9 c0 0c 02 00 00 00 38 1f 53 62 03 00 01 00 01 00 00 00 00 00 00 00 09 00 41 6e 6f 6e 79 6d 6f 75 73 c5 1f 53 62 04 00 01 00 02 00 00 00 00 00 00 00 06 00 45 72 69 6b 61 73 00 00 00 00 f8 c0 0c 00 00 02 00 31 34 00 00 02 00 31 32 00 00 00 00 00 00 00 00 00 00 00 00 00 00 00 00 00 00 0f 00 73 74 61 62 62 69 6e 67 20 77 65 61 70 6f 6e 05 00 33 35 2e 30 30 00 00 00 00 00 00 00 
00 00 00 00 00 
00 00 00 00 

ProtocolGame parse message exception (163 bytes, 1 unread, last opcode is 0x00 (0), prev opcode is 0x00 (0), proto: 772): InputMessage eof reached
a8 00 9f 00 f9 c0 0c 03 00 00 00 38 1f 53 62 03 00 01 00 01 00 00 00 00 00 00 00 09 00 41 6e 6f 6e 79 6d 6f 75 73 c5 1f 53 62 04 00 01 00 02 00 00 00 00 00 00 00 06 00 45 72 69 6b 61 73 31 20 53 62 05 00 01 00 01 00 00 00 00 00 00 00 06 00 45 72 69 6b 61 73 00 00 00 00 f8 c0 0c 00 00 02 00 31 34 00 00 02 00 31 32 00 00 00 00 00 00 00 00 00 00 00 00 00 00 00 00 00 00 0f 00 73 74 61 62 62 69 6e 67 20 77 65 61 70 6f 6e 05 00 33 35 2e 30 30 00 00 00 00 00 00 00 
00 00 00 00 00 
00 00 00 00 

ProtocolGame parse message exception (86 bytes, 81 unread, last opcode is 0xf9 (249), prev opcode is 0xffffffff (-1), proto: 772): unhandled opcode 249
58 00 52 00 
f9 fe 03 00 00 00 38 1f 53 62 03 00 c0 0c 01 00 01 00 00 00 00 00 00 00 c5 1f 53 62 04 00 c0 0c 01 00 02 00 00 00 00 00 00 00 31 20 53 62 05 00 c0 0c 01 00 01 00 00 00 00 00 00 00 01 00 00 00 3c 20 53 62 06 00 c0 0c 01 00 01 00 00 00 00 00 00 00 

ProtocolGame parse message exception (88 bytes, 1 unread, last opcode is 0x00 (0), prev opcode is 0x00 (0), proto: 772): InputMessage eof reached
58 00 54 00 f9 c0 0c 00 00 00 00 00 00 00 00 f8 c0 0c 00 00 02 00 31 34 00 00 02 00 31 32 00 00 00 00 00 00 00 00 00 00 00 00 00 00 00 00 00 00 0f 00 73 74 61 62 62 69 6e 67 20 77 65 61 70 6f 6e 05 00 33 35 2e 30 30 00 00 00 00 00 00 00 
00 00 00 00 00 
00 00 00 00 

ProtocolGame parse message exception (13 bytes, 8 unread, last opcode is 0xf9 (249), prev opcode is 0xffffffff (-1), proto: 772): unhandled opcode 249
10 00 09 00 
f9 00 00 00 00 00 00 00 00 

ProtocolGame parse message exception (88 bytes, 1 unread, last opcode is 0x00 (0), prev opcode is 0x00 (0), proto: 772): InputMessage eof reached
58 00 54 00 f9 c0 0c 00 00 00 00 00 00 00 00 f8 c0 0c 00 00 02 00 31 34 00 00 02 00 31 32 00 00 00 00 00 00 00 00 00 00 00 00 00 00 00 00 00 00 0f 00 73 74 61 62 62 69 6e 67 20 77 65 61 70 6f 6e 05 00 33 35 2e 30 30 00 00 00 00 00 00 00 
00 00 00 00 00 
00 00 00 00 

ProtocolGame parse message exception (13 bytes, 8 unread, last opcode is 0xf9 (249), prev opcode is 0xffffffff (-1), proto: 772): unhandled opcode 249
10 00 09 00 
f9 00 00 00 00 00 00 00 00 

ProtocolGame parse message exception (88 bytes, 1 unread, last opcode is 0x00 (0), prev opcode is 0x00 (0), proto: 772): InputMessage eof reached
58 00 54 00 f9 c0 0c 00 00 00 00 00 00 00 00 f8 c0 0c 00 00 02 00 31 34 00 00 02 00 31 32 00 00 00 00 00 00 00 00 00 00 00 00 00 00 00 00 00 00 0f 00 73 74 61 62 62 69 6e 67 20 77 65 61 70 6f 6e 05 00 33 35 2e 30 30 00 00 00 00 00 00 00 
00 00 00 00 00 
00 00 00 00 

ProtocolGame parse message exception (112 bytes, 1 unread, last opcode is 0x00 (0), prev opcode is 0x00 (0), proto: 772): InputMessage eof reached
70 00 6c 00 f9 c0 0c 01 00 00 00 f1 20 53 62 07 00 01 00 01 00 00 00 00 00 00 00 06 00 45 72 69 6b 61 73 00 00 00 00 f8 c0 0c 00 00 02 00 31 34 00 00 02 00 31 32 00 00 00 00 00 00 00 00 00 00 00 00 00 00 00 00 00 00 0f 00 73 74 61 62 62 69 6e 67 20 77 65 61 70 6f 6e 05 00 33 35 2e 30 30 00 00 00 00 00 00 00 
00 00 00 00 00 
00 00 00 00 

ProtocolGame parse message exception (31 bytes, 26 unread, last opcode is 0xf9 (249), prev opcode is 0xffffffff (-1), proto: 772): unhandled opcode 249
20 00 1b 00 
f9 01 00 00 00 f1 20 53 62 07 00 c0 0c 01 00 01 00 00 00 00 00 00 00 00 00 00 00 

ProtocolGame parse message exception (89 bytes, 84 unread, last opcode is 0xf9 (249), prev opcode is 0xffffffff (-1), proto: 772): unhandled opcode 249
58 00 55 00 
f9 03 00 00 00 38 1f 53 62 00 00 c0 0c 01 00 01 00 00 00 00 00 00 00 02 c5 1f 53 62 00 00 c0 0c 01 00 02 00 00 00 00 00 00 00 02 31 20 53 62 00 00 c0 0c 01 00 01 00 00 00 00 00 00 00 02 01 00 00 00 3c 20 53 62 00 00 c0 0c 01 00 01 00 00 00 00 00 00 00 02 

ProtocolGame parse message exception (31 bytes, 26 unread, last opcode is 0xf9 (249), prev opcode is 0xffffffff (-1), proto: 772): unhandled opcode 249
20 00 1b 00 
f9 01 00 00 00 f1 20 53 62 07 00 c0 0c 01 00 01 00 00 00 00 00 00 00 00 00 00 00 

ProtocolGame parse message exception (31 bytes, 26 unread, last opcode is 0xf9 (249), prev opcode is 0xffffffff (-1), proto: 772): unhandled opcode 249
20 00 1b 00 
f9 01 00 00 00 f1 20 53 62 07 00 c0 0c 01 00 01 00 00 00 00 00 00 00 00 00 00 00 

ProtocolGame parse message exception (112 bytes, 1 unread, last opcode is 0x00 (0), prev opcode is 0x00 (0), proto: 772): InputMessage eof reached
70 00 6c 00 f9 c0 0c 01 00 00 00 f1 20 53 62 07 00 01 00 01 00 00 00 00 00 00 00 06 00 45 72 69 6b 61 73 00 00 00 00 f8 c0 0c 00 00 02 00 31 34 00 00 02 00 31 32 00 00 00 00 00 00 00 00 00 00 00 00 00 00 00 00 00 00 0f 00 73 74 61 62 62 69 6e 67 20 77 65 61 70 6f 6e 05 00 33 35 2e 30 30 00 00 00 00 00 00 00 
00 00 00 00 00 
00 00 00 00 

ProtocolGame parse message exception (31 bytes, 26 unread, last opcode is 0xf9 (249), prev opcode is 0xffffffff (-1), proto: 772): unhandled opcode 249
20 00 1b 00 
f9 01 00 00 00 f1 20 53 62 07 00 c0 0c 01 00 01 00 00 00 00 00 00 00 00 00 00 00 

ProtocolGame parse message exception (31 bytes, 26 unread, last opcode is 0xf9 (249), prev opcode is 0xffffffff (-1), proto: 772): unhandled opcode 249
20 00 1b 00 
f9 01 00 00 00 f1 20 53 62 07 00 c0 0c 01 00 01 00 00 00 00 00 00 00 00 00 00 00 

ProtocolGame parse message exception (112 bytes, 1 unread, last opcode is 0x00 (0), prev opcode is 0x00 (0), proto: 772): InputMessage eof reached
70 00 6c 00 f9 c0 0c 01 00 00 00 f1 20 53 62 07 00 01 00 01 00 00 00 00 00 00 00 06 00 45 72 69 6b 61 73 00 00 00 00 f8 c0 0c 00 00 02 00 31 34 00 00 02 00 31 32 00 00 00 00 00 00 00 00 00 00 00 00 00 00 00 00 00 00 0f 00 73 74 61 62 62 69 6e 67 20 77 65 61 70 6f 6e 05 00 33 35 2e 30 30 00 00 00 00 00 00 00 
00 00 00 00 00 
00 00 00 00 

ProtocolGame parse message exception (31 bytes, 26 unread, last opcode is 0xf9 (249), prev opcode is 0xffffffff (-1), proto: 772): unhandled opcode 249
20 00 1b 00 
f9 01 00 00 00 f1 20 53 62 07 00 c0 0c 01 00 01 00 00 00 00 00 00 00 00 00 00 00 

ProtocolGame parse message exception (112 bytes, 1 unread, last opcode is 0x00 (0), prev opcode is 0x00 (0), proto: 772): InputMessage eof reached
70 00 6c 00 f9 c0 0c 01 00 00 00 f1 20 53 62 07 00 01 00 01 00 00 00 00 00 00 00 06 00 45 72 69 6b 61 73 00 00 00 00 f8 c0 0c 00 00 02 00 31 34 00 00 02 00 31 32 00 00 00 00 00 00 00 00 00 00 00 00 00 00 00 00 00 00 0f 00 73 74 61 62 62 69 6e 67 20 77 65 61 70 6f 6e 05 00 33 35 2e 30 30 00 00 00 00 00 00 00 
00 00 00 00 00 
00 00 00 00 

ProtocolGame parse message exception (31 bytes, 26 unread, last opcode is 0xf9 (249), prev opcode is 0xffffffff (-1), proto: 772): unhandled opcode 249
20 00 1b 00 
f9 01 00 00 00 f1 20 53 62 07 00 c0 0c 01 00 01 00 00 00 00 00 00 00 00 00 00 00 

ProtocolGame parse message exception (31 bytes, 26 unread, last opcode is 0xf9 (249), prev opcode is 0xffffffff (-1), proto: 772): unhandled opcode 249
20 00 1b 00 
f9 01 00 00 00 f1 20 53 62 07 00 c0 0c 01 00 01 00 00 00 00 00 00 00 00 00 00 00 

ProtocolGame parse message exception (31 bytes, 26 unread, last opcode is 0xf9 (249), prev opcode is 0xffffffff (-1), proto: 772): unhandled opcode 249
20 00 1b 00 
f9 01 00 00 00 f1 20 53 62 07 00 c0 0c 01 00 01 00 00 00 00 00 00 00 00 00 00 00 

ProtocolGame parse message exception (31 bytes, 26 unread, last opcode is 0xf9 (249), prev opcode is 0xffffffff (-1), proto: 772): unhandled opcode 249
20 00 1b 00 
f9 01 00 00 00 f1 20 53 62 07 00 c0 0c 01 00 01 00 00 00 00 00 00 00 00 00 00 00 

ProtocolGame parse message exception (31 bytes, 26 unread, last opcode is 0xf9 (249), prev opcode is 0xffffffff (-1), proto: 772): unhandled opcode 249
20 00 1b 00 
f9 01 00 00 00 f1 20 53 62 07 00 c0 0c 01 00 01 00 00 00 00 00 00 00 00 00 00 00 

ProtocolGame parse message exception (31 bytes, 26 unread, last opcode is 0xf9 (249), prev opcode is 0xffffffff (-1), proto: 772): unhandled opcode 249
20 00 1b 00 
f9 01 00 00 00 f1 20 53 62 07 00 c0 0c 01 00 01 00 00 00 00 00 00 00 00 00 00 00 

ProtocolGame parse message exception (31 bytes, 26 unread, last opcode is 0xf9 (249), prev opcode is 0xffffffff (-1), proto: 772): unhandled opcode 249
20 00 1b 00 
f9 01 00 00 00 f1 20 53 62 07 00 c0 0c 01 00 01 00 00 00 00 00 00 00 00 00 00 00 

ProtocolGame parse message exception (31 bytes, 26 unread, last opcode is 0xf9 (249), prev opcode is 0xffffffff (-1), proto: 772): unhandled opcode 249
20 00 1b 00 
f9 01 00 00 00 f1 20 53 62 07 00 c0 0c 01 00 01 00 00 00 00 00 00 00 00 00 00 00 

ProtocolGame parse message exception (112 bytes, 1 unread, last opcode is 0x00 (0), prev opcode is 0x00 (0), proto: 772): InputMessage eof reached
70 00 6c 00 f9 c0 0c 01 00 00 00 f1 20 53 62 07 00 01 00 01 00 00 00 00 00 00 00 06 00 45 72 69 6b 61 73 00 00 00 00 f8 c0 0c 00 00 02 00 31 34 00 00 02 00 31 32 00 00 00 00 00 00 00 00 00 00 00 00 00 00 00 00 00 00 0f 00 73 74 61 62 62 69 6e 67 20 77 65 61 70 6f 6e 05 00 33 35 2e 30 30 00 00 00 00 00 00 00 
00 00 00 00 00 
00 00 00 00 

ProtocolGame parse message exception (31 bytes, 26 unread, last opcode is 0xf9 (249), prev opcode is 0xffffffff (-1), proto: 772): unhandled opcode 249
20 00 1b 00 
f9 01 00 00 00 f1 20 53 62 07 00 c0 0c 01 00 01 00 00 00 00 00 00 00 00 00 00 00 

ProtocolGame parse message exception (112 bytes, 1 unread, last opcode is 0x00 (0), prev opcode is 0x00 (0), proto: 772): InputMessage eof reached
70 00 6c 00 f9 c0 0c 01 00 00 00 f1 20 53 62 07 00 01 00 01 00 00 00 00 00 00 00 06 00 45 72 69 6b 61 73 00 00 00 00 f8 c0 0c 00 00 02 00 31 34 00 00 02 00 31 32 00 00 00 00 00 00 00 00 00 00 00 00 00 00 00 00 00 00 0f 00 73 74 61 62 62 69 6e 67 20 77 65 61 70 6f 6e 05 00 33 35 2e 30 30 00 00 00 00 00 00 00 
00 00 00 00 00 
00 00 00 00 

ProtocolGame parse message exception (31 bytes, 26 unread, last opcode is 0xf9 (249), prev opcode is 0xffffffff (-1), proto: 772): unhandled opcode 249
20 00 1b 00 
f9 01 00 00 00 f1 20 53 62 07 00 c0 0c 01 00 01 00 00 00 00 00 00 00 00 00 00 00 

ProtocolGame parse message exception (112 bytes, 1 unread, last opcode is 0x00 (0), prev opcode is 0x00 (0), proto: 772): InputMessage eof reached
70 00 6c 00 f9 c0 0c 01 00 00 00 f1 20 53 62 07 00 01 00 01 00 00 00 00 00 00 00 06 00 45 72 69 6b 61 73 00 00 00 00 f8 c0 0c 00 00 02 00 31 34 00 00 02 00 31 32 00 00 00 00 00 00 00 00 00 00 00 00 00 00 00 00 00 00 0f 00 73 74 61 62 62 69 6e 67 20 77 65 61 70 6f 6e 05 00 33 35 2e 30 30 00 00 00 00 00 00 00 
00 00 00 00 00 
00 00 00 00 

ProtocolGame parse message exception (31 bytes, 26 unread, last opcode is 0xf9 (249), prev opcode is 0xffffffff (-1), proto: 772): unhandled opcode 249
20 00 1b 00 
f9 01 00 00 00 f1 20 53 62 07 00 c0 0c 01 00 01 00 00 00 00 00 00 00 00 00 00 00 

ProtocolGame parse message exception (112 bytes, 1 unread, last opcode is 0x00 (0), prev opcode is 0x00 (0), proto: 772): InputMessage eof reached
70 00 6c 00 f9 c0 0c 01 00 00 00 f1 20 53 62 07 00 01 00 01 00 00 00 00 00 00 00 06 00 45 72 69 6b 61 73 00 00 00 00 f8 c0 0c 00 00 02 00 31 34 00 00 02 00 31 32 00 00 00 00 00 00 00 00 00 00 00 00 00 00 00 00 00 00 0f 00 73 74 61 62 62 69 6e 67 20 77 65 61 70 6f 6e 05 00 33 35 2e 30 30 00 00 00 00 00 00 00 
00 00 00 00 00 
00 00 00 00 

ProtocolGame parse message exception (31 bytes, 26 unread, last opcode is 0xf9 (249), prev opcode is 0xffffffff (-1), proto: 772): unhandled opcode 249
20 00 1b 00 
f9 01 00 00 00 f1 20 53 62 07 00 c0 0c 01 00 01 00 00 00 00 00 00 00 00 00 00 00 

ProtocolGame parse message exception (31 bytes, 26 unread, last opcode is 0xf9 (249), prev opcode is 0xffffffff (-1), proto: 772): unhandled opcode 249
20 00 1b 00 
f9 01 00 00 00 f1 20 53 62 07 00 c0 0c 01 00 01 00 00 00 00 00 00 00 00 00 00 00 

ProtocolGame parse message exception (31 bytes, 26 unread, last opcode is 0xf9 (249), prev opcode is 0xffffffff (-1), proto: 772): unhandled opcode 249
20 00 1b 00 
f9 01 00 00 00 f1 20 53 62 07 00 c0 0c 01 00 01 00 00 00 00 00 00 00 00 00 00 00 

ProtocolGame parse message exception (88 bytes, 1 unread, last opcode is 0x00 (0), prev opcode is 0x00 (0), proto: 772): InputMessage eof reached
58 00 54 00 f9 c0 0c 00 00 00 00 00 00 00 00 f8 c0 0c 00 00 02 00 31 34 00 00 02 00 31 32 00 00 00 00 00 00 00 00 00 00 00 00 00 00 00 00 00 00 0f 00 73 74 61 62 62 69 6e 67 20 77 65 61 70 6f 6e 05 00 33 35 2e 30 30 00 00 00 00 00 00 00 
00 00 00 00 00 
00 00 00 00 

ProtocolGame parse message exception (112 bytes, 1 unread, last opcode is 0x00 (0), prev opcode is 0x00 (0), proto: 772): InputMessage eof reached
70 00 6c 00 f9 c0 0c 01 00 00 00 cb 23 53 62 08 00 01 00 01 00 00 00 00 00 00 00 06 00 45 72 69 6b 61 73 00 00 00 00 f8 c0 0c 00 00 02 00 31 34 00 00 02 00 31 32 00 00 00 00 00 00 00 00 00 00 00 00 00 00 00 00 00 00 0f 00 73 74 61 62 62 69 6e 67 20 77 65 61 70 6f 6e 05 00 33 35 2e 30 30 00 00 00 00 00 00 00 
00 00 00 00 00 
00 00 00 00 

ProtocolGame parse message exception (112 bytes, 1 unread, last opcode is 0x00 (0), prev opcode is 0x00 (0), proto: 772): InputMessage eof reached
70 00 6c 00 f9 c0 0c 01 00 00 00 cb 23 53 62 08 00 01 00 01 00 00 00 00 00 00 00 06 00 45 72 69 6b 61 73 00 00 00 00 f8 c0 0c 00 00 02 00 31 34 00 00 02 00 31 32 00 00 00 00 00 00 00 00 00 00 00 00 00 00 00 00 00 00 0f 00 73 74 61 62 62 69 6e 67 20 77 65 61 70 6f 6e 05 00 33 35 2e 30 30 00 00 00 00 00 00 00 
00 00 00 00 00 
00 00 00 00 

ProtocolGame parse message exception (113 bytes, 0 unread, last opcode is 0x00 (0), prev opcode is 0x00 (0), proto: 772): InputMessage eof reached
70 00 6d 00 f9 c0 0c 01 00 00 00 cb 23 53 62 08 00 01 00 01 00 00 00 00 00 00 00 06 00 45 72 69 6b 61 73 00 00 00 00 f8 c0 0c 00 00 02 00 31 34 00 00 02 00 31 32 00 00 00 00 00 00 00 00 00 00 00 00 00 00 00 00 00 00 0f 00 73 74 61 62 62 69 6e 67 20 77 65 61 70 6f 6e 05 00 33 35 2e 30 30 00 00 00 00 00 00 00 
00 00 00 00 00 
00 00 00 00 1e 

ProtocolGame parse message exception (136 bytes, 1 unread, last opcode is 0x00 (0), prev opcode is 0x00 (0), proto: 772): InputMessage eof reached
88 00 84 00 f9 c0 0c 01 00 00 00 cb 23 53 62 08 00 01 00 01 00 00 00 00 00 00 00 06 00 45 72 69 6b 61 73 01 00 00 00 f3 23 53 62 09 00 01 00 d0 07 00 00 00 00 00 00 06 00 45 72 69 6b 61 73 f8 c0 0c 00 00 02 00 31 34 00 00 02 00 31 32 00 00 00 00 00 00 00 00 00 00 00 00 00 00 00 00 00 00 0f 00 73 74 61 62 62 69 6e 67 20 77 65 61 70 6f 6e 05 00 33 35 2e 30 30 00 00 00 00 00 00 00 
00 00 00 00 00 
00 00 00 00 

ProtocolGame parse message exception (136 bytes, 1 unread, last opcode is 0x00 (0), prev opcode is 0x00 (0), proto: 772): InputMessage eof reached
88 00 84 00 f9 c0 0c 01 00 00 00 cb 23 53 62 08 00 01 00 01 00 00 00 00 00 00 00 06 00 45 72 69 6b 61 73 01 00 00 00 f3 23 53 62 09 00 01 00 d0 07 00 00 00 00 00 00 06 00 45 72 69 6b 61 73 f8 c0 0c 00 00 02 00 31 34 00 00 02 00 31 32 00 00 00 00 00 00 00 00 00 00 00 00 00 00 00 00 00 00 0f 00 73 74 61 62 62 69 6e 67 20 77 65 61 70 6f 6e 05 00 33 35 2e 30 30 00 00 00 00 00 00 00 
00 00 00 00 00 
00 00 00 00 

ProtocolGame parse message exception (136 bytes, 1 unread, last opcode is 0x00 (0), prev opcode is 0x00 (0), proto: 772): InputMessage eof reached
88 00 84 00 f9 c0 0c 01 00 00 00 cb 23 53 62 08 00 01 00 01 00 00 00 00 00 00 00 06 00 45 72 69 6b 61 73 01 00 00 00 f3 23 53 62 09 00 01 00 d0 07 00 00 00 00 00 00 06 00 45 72 69 6b 61 73 f8 c0 0c 00 00 02 00 31 34 00 00 02 00 31 32 00 00 00 00 00 00 00 00 00 00 00 00 00 00 00 00 00 00 0f 00 73 74 61 62 62 69 6e 67 20 77 65 61 70 6f 6e 05 00 33 35 2e 30 30 00 00 00 00 00 00 00 
00 00 00 00 00 
00 00 00 00 

ProtocolGame parse message exception (88 bytes, 1 unread, last opcode is 0x00 (0), prev opcode is 0x00 (0), proto: 772): InputMessage eof reached
58 00 54 00 f9 c0 0c 00 00 00 00 00 00 00 00 f8 c0 0c 00 00 02 00 31 34 00 00 02 00 31 32 00 00 00 00 00 00 00 00 00 00 00 00 00 00 00 00 00 00 0f 00 73 74 61 62 62 69 6e 67 20 77 65 61 70 6f 6e 05 00 33 35 2e 30 30 00 00 00 00 00 00 00 
00 00 00 00 00 
00 00 00 00 

ProtocolGame parse message exception (88 bytes, 1 unread, last opcode is 0x00 (0), prev opcode is 0x00 (0), proto: 772): InputMessage eof reached
58 00 54 00 f9 c0 0c 00 00 00 00 00 00 00 00 f8 c0 0c 00 00 02 00 31 34 00 00 02 00 31 32 00 00 00 00 00 00 00 00 00 00 00 00 00 00 00 00 00 00 0f 00 73 74 61 62 62 69 6e 67 20 77 65 61 70 6f 6e 05 00 33 35 2e 30 30 00 00 00 00 00 00 00 
00 00 00 00 00 
00 00 00 00 

ProtocolGame parse message exception (88 bytes, 1 unread, last opcode is 0x00 (0), prev opcode is 0x00 (0), proto: 772): InputMessage eof reached
58 00 54 00 f9 c0 0c 00 00 00 00 00 00 00 00 f8 c0 0c 00 00 02 00 31 34 00 00 02 00 31 32 00 00 00 00 00 00 00 00 00 00 00 00 00 00 00 00 00 00 0f 00 73 74 61 62 62 69 6e 67 20 77 65 61 70 6f 6e 05 00 33 35 2e 30 30 00 00 00 00 00 00 00 
00 00 00 00 00 
00 00 00 00 

ProtocolGame parse message exception (88 bytes, 1 unread, last opcode is 0x00 (0), prev opcode is 0x00 (0), proto: 772): InputMessage eof reached
58 00 54 00 f9 c0 0c 00 00 00 00 00 00 00 00 f8 c0 0c 00 00 02 00 31 34 00 00 02 00 31 32 00 00 00 00 00 00 00 00 00 00 00 00 00 00 00 00 00 00 0f 00 73 74 61 62 62 69 6e 67 20 77 65 61 70 6f 6e 05 00 33 35 2e 30 30 00 00 00 00 00 00 00 
00 00 00 00 00 
00 00 00 00 

ProtocolGame parse message exception (88 bytes, 1 unread, last opcode is 0x00 (0), prev opcode is 0x00 (0), proto: 772): InputMessage eof reached
58 00 54 00 f9 c0 0c 00 00 00 00 00 00 00 00 f8 c0 0c 00 00 02 00 31 34 00 00 02 00 31 32 00 00 00 00 00 00 00 00 00 00 00 00 00 00 00 00 00 00 0f 00 73 74 61 62 62 69 6e 67 20 77 65 61 70 6f 6e 05 00 33 35 2e 30 30 00 00 00 00 00 00 00 
00 00 00 00 00 
00 00 00 00 

ProtocolGame parse message exception (88 bytes, 1 unread, last opcode is 0x00 (0), prev opcode is 0x00 (0), proto: 772): InputMessage eof reached
58 00 54 00 f9 c0 0c 00 00 00 00 00 00 00 00 f8 c0 0c 00 00 02 00 31 34 00 00 02 00 31 32 00 00 00 00 00 00 00 00 00 00 00 00 00 00 00 00 00 00 0f 00 73 74 61 62 62 69 6e 67 20 77 65 61 70 6f 6e 05 00 33 35 2e 30 30 00 00 00 00 00 00 00 
00 00 00 00 00 
00 00 00 00 

ProtocolGame parse message exception (88 bytes, 1 unread, last opcode is 0x00 (0), prev opcode is 0x00 (0), proto: 772): InputMessage eof reached
58 00 54 00 f9 c0 0c 00 00 00 00 00 00 00 00 f8 c0 0c 00 00 02 00 31 34 00 00 02 00 31 32 00 00 00 00 00 00 00 00 00 00 00 00 00 00 00 00 00 00 0f 00 73 74 61 62 62 69 6e 67 20 77 65 61 70 6f 6e 05 00 33 35 2e 30 30 00 00 00 00 00 00 00 
00 00 00 00 00 
00 00 00 00 

ProtocolGame parse message exception (112 bytes, 1 unread, last opcode is 0x00 (0), prev opcode is 0x00 (0), proto: 772): InputMessage eof reached
70 00 6c 00 f9 c0 0c 00 00 00 00 01 00 00 00 79 24 53 62 0b 00 01 00 20 4e 00 00 00 00 00 00 06 00 45 72 69 6b 61 73 f8 c0 0c 00 00 02 00 31 34 00 00 02 00 31 32 00 00 00 00 00 00 00 00 00 00 00 00 00 00 00 00 00 00 0f 00 73 74 61 62 62 69 6e 67 20 77 65 61 70 6f 6e 05 00 33 35 2e 30 30 00 00 00 00 00 00 00 
00 00 00 00 00 
00 00 00 00 

ProtocolGame parse message exception (136 bytes, 1 unread, last opcode is 0x00 (0), prev opcode is 0x00 (0), proto: 772): InputMessage eof reached
88 00 84 00 f9 c0 0c 00 00 00 00 02 00 00 00 79 24 53 62 0b 00 01 00 20 4e 00 00 00 00 00 00 06 00 45 72 69 6b 61 73 83 24 53 62 0c 00 01 00 b0 04 00 00 00 00 00 00 06 00 45 72 69 6b 61 73 f8 c0 0c 00 00 02 00 31 34 00 00 02 00 31 32 00 00 00 00 00 00 00 00 00 00 00 00 00 00 00 00 00 00 0f 00 73 74 61 62 62 69 6e 67 20 77 65 61 70 6f 6e 05 00 33 35 2e 30 30 00 00 00 00 00 00 00 
00 00 00 00 00 
00 00 00 00 

ProtocolGame parse message exception (173 bytes, 1 unread, last opcode is 0x00 (0), prev opcode is 0x00 (0), proto: 772): InputMessage eof reached
b0 00 a9 00 b4 15 21 00 59 6f 75 20 63 61 6e 6e 6f 74 20 61 63 63 65 70 74 20 79 6f 75 72 20 6f 77 6e 20 6f 66 66 65 72 2e f9 c0 0c 00 00 00 00 02 00 00 00 79 24 53 62 0b 00 01 00 20 4e 00 00 00 00 00 00 06 00 45 72 69 6b 61 73 83 24 53 62 0c 00 01 00 b0 04 00 00 00 00 00 00 06 00 45 72 69 6b 61 73 f8 c0 0c 00 00 02 00 31 34 00 00 02 00 31 32 00 00 00 00 00 00 00 00 00 00 00 00 00 00 00 00 00 00 0f 00 73 74 61 62 62 69 6e 67 20 77 65 61 70 6f 6e 05 00 33 35 2e 30 30 00 00 00 00 00 00 00 
00 00 00 00 00 
00 00 00 00 

ProtocolGame parse message exception (88 bytes, 1 unread, last opcode is 0x00 (0), prev opcode is 0x00 (0), proto: 772): InputMessage eof reached
58 00 54 00 f9 c0 0c 00 00 00 00 00 00 00 00 f8 c0 0c 00 00 02 00 31 34 00 00 02 00 31 32 00 00 00 00 00 00 00 00 00 00 00 00 00 00 00 00 00 00 0f 00 73 74 61 62 62 69 6e 67 20 77 65 61 70 6f 6e 05 00 33 35 2e 30 30 00 00 00 00 00 00 00 
00 00 00 00 00 
00 00 00 00 

ProtocolGame parse message exception (88 bytes, 1 unread, last opcode is 0x00 (0), prev opcode is 0x00 (0), proto: 772): InputMessage eof reached
58 00 54 00 f9 c0 0c 00 00 00 00 00 00 00 00 f8 c0 0c 00 00 02 00 31 34 00 00 02 00 31 32 00 00 00 00 00 00 00 00 00 00 00 00 00 00 00 00 00 00 0f 00 73 74 61 62 62 69 6e 67 20 77 65 61 70 6f 6e 05 00 33 35 2e 30 30 00 00 00 00 00 00 00 
00 00 00 00 00 
00 00 00 00 

ProtocolGame parse message exception (88 bytes, 1 unread, last opcode is 0x00 (0), prev opcode is 0x00 (0), proto: 772): InputMessage eof reached
58 00 54 00 f9 c0 0c 00 00 00 00 00 00 00 00 f8 c0 0c 00 00 02 00 31 34 00 00 02 00 31 32 00 00 00 00 00 00 00 00 00 00 00 00 00 00 00 00 00 00 0f 00 73 74 61 62 62 69 6e 67 20 77 65 61 70 6f 6e 05 00 33 35 2e 30 30 00 00 00 00 00 00 00 
00 00 00 00 00 
00 00 00 00 

ProtocolGame parse message exception (112 bytes, 1 unread, last opcode is 0x00 (0), prev opcode is 0x00 (0), proto: 772): InputMessage eof reached
70 00 6c 00 f9 c0 0c 01 00 00 00 b6 24 53 62 0d 00 01 00 0a 00 00 00 00 00 00 00 06 00 45 72 69 6b 61 73 00 00 00 00 f8 c0 0c 00 00 02 00 31 34 00 00 02 00 31 32 00 00 00 00 00 00 00 00 00 00 00 00 00 00 00 00 00 00 0f 00 73 74 61 62 62 69 6e 67 20 77 65 61 70 6f 6e 05 00 33 35 2e 30 30 00 00 00 00 00 00 00 
00 00 00 00 00 
00 00 00 00 

ProtocolGame parse message exception (112 bytes, 1 unread, last opcode is 0x00 (0), prev opcode is 0x00 (0), proto: 772): InputMessage eof reached
70 00 6c 00 f9 c0 0c 01 00 00 00 b6 24 53 62 0d 00 01 00 0a 00 00 00 00 00 00 00 06 00 45 72 69 6b 61 73 00 00 00 00 f8 c0 0c 00 00 02 00 31 34 00 00 02 00 31 32 00 00 00 00 00 00 00 00 00 00 00 00 00 00 00 00 00 00 0f 00 73 74 61 62 62 69 6e 67 20 77 65 61 70 6f 6e 05 00 33 35 2e 30 30 00 00 00 00 00 00 00 
00 00 00 00 00 
00 00 00 00 

ProtocolGame parse message exception (112 bytes, 1 unread, last opcode is 0x00 (0), prev opcode is 0x00 (0), proto: 772): InputMessage eof reached
70 00 6c 00 f9 c0 0c 01 00 00 00 b6 24 53 62 0d 00 01 00 0a 00 00 00 00 00 00 00 06 00 45 72 69 6b 61 73 00 00 00 00 f8 c0 0c 00 00 02 00 31 34 00 00 02 00 31 32 00 00 00 00 00 00 00 00 00 00 00 00 00 00 00 00 00 00 0f 00 73 74 61 62 62 69 6e 67 20 77 65 61 70 6f 6e 05 00 33 35 2e 30 30 00 00 00 00 00 00 00 
00 00 00 00 00 
00 00 00 00 

ProtocolGame parse message exception (112 bytes, 1 unread, last opcode is 0x00 (0), prev opcode is 0x00 (0), proto: 772): InputMessage eof reached
70 00 6c 00 f9 c0 0c 01 00 00 00 b6 24 53 62 0d 00 01 00 0a 00 00 00 00 00 00 00 06 00 45 72 69 6b 61 73 00 00 00 00 f8 c0 0c 00 00 02 00 31 34 00 00 02 00 31 32 00 00 00 00 00 00 00 00 00 00 00 00 00 00 00 00 00 00 0f 00 73 74 61 62 62 69 6e 67 20 77 65 61 70 6f 6e 05 00 33 35 2e 30 30 00 00 00 00 00 00 00 
00 00 00 00 00 
00 00 00 00 

ProtocolGame parse message exception (146 bytes, 1 unread, last opcode is 0x00 (0), prev opcode is 0x00 (0), proto: 772): InputMessage eof reached
90 00 8e 00 72 00 00 f6 00 4a 42 0f 00 00 00 00 00 02 00 ae 0d 01 00 35 1d 01 00 f9 c0 0c 01 00 00 00 b6 24 53 62 0d 00 00 00 0a 00 00 00 00 00 00 00 06 00 45 72 69 6b 61 73 00 00 00 00 f9 c0 0c 00 00 00 00 00 00 00 00 f8 c0 0c 00 00 02 00 31 34 00 00 02 00 31 32 00 00 00 00 00 00 00 00 00 00 00 00 00 00 00 00 00 00 0f 00 73 74 61 62 62 69 6e 67 20 77 65 61 70 6f 6e 05 00 33 35 2e 30 30 00 00 00 00 00 00 00 
00 00 00 00 00 
00 00 00 00 

ProtocolGame parse message exception (88 bytes, 1 unread, last opcode is 0x00 (0), prev opcode is 0x00 (0), proto: 772): InputMessage eof reached
58 00 54 00 f9 c0 0c 00 00 00 00 00 00 00 00 f8 c0 0c 00 00 02 00 31 34 00 00 02 00 31 32 00 00 00 00 00 00 00 00 00 00 00 00 00 00 00 00 00 00 0f 00 73 74 61 62 62 69 6e 67 20 77 65 61 70 6f 6e 05 00 33 35 2e 30 30 00 00 00 00 00 00 00 
00 00 00 00 00 
00 00 00 00 

ProtocolGame parse message exception (88 bytes, 1 unread, last opcode is 0x00 (0), prev opcode is 0x00 (0), proto: 772): InputMessage eof reached
58 00 54 00 f9 c0 0c 00 00 00 00 00 00 00 00 f8 c0 0c 00 00 02 00 31 34 00 00 02 00 31 32 00 00 00 00 00 00 00 00 00 00 00 00 00 00 00 00 00 00 0f 00 73 74 61 62 62 69 6e 67 20 77 65 61 70 6f 6e 05 00 33 35 2e 30 30 00 00 00 00 00 00 00 
00 00 00 00 00 
00 00 00 00 

ProtocolGame parse message exception (88 bytes, 1 unread, last opcode is 0x00 (0), prev opcode is 0x00 (0), proto: 772): InputMessage eof reached
58 00 54 00 f9 c0 0c 00 00 00 00 00 00 00 00 f8 c0 0c 00 00 02 00 31 34 00 00 02 00 31 32 00 00 00 00 00 00 00 00 00 00 00 00 00 00 00 00 00 00 0f 00 73 74 61 62 62 69 6e 67 20 77 65 61 70 6f 6e 05 00 33 35 2e 30 30 00 00 00 00 00 00 00 
00 00 00 00 00 
00 00 00 00 

ProtocolGame parse message exception (88 bytes, 1 unread, last opcode is 0x00 (0), prev opcode is 0x00 (0), proto: 772): InputMessage eof reached
58 00 54 00 f9 c0 0c 00 00 00 00 00 00 00 00 f8 c0 0c 00 00 02 00 31 34 00 00 02 00 31 32 00 00 00 00 00 00 00 00 00 00 00 00 00 00 00 00 00 00 0f 00 73 74 61 62 62 69 6e 67 20 77 65 61 70 6f 6e 05 00 33 35 2e 30 30 00 00 00 00 00 00 00 
00 00 00 00 00 
00 00 00 00 

ProtocolGame parse message exception (88 bytes, 1 unread, last opcode is 0x00 (0), prev opcode is 0x00 (0), proto: 772): InputMessage eof reached
58 00 54 00 f9 c0 0c 00 00 00 00 00 00 00 00 f8 c0 0c 00 00 02 00 31 34 00 00 02 00 31 32 00 00 00 00 00 00 00 00 00 00 00 00 00 00 00 00 00 00 0f 00 73 74 61 62 62 69 6e 67 20 77 65 61 70 6f 6e 05 00 33 35 2e 30 30 00 00 00 00 00 00 00 
00 00 00 00 00 
00 00 00 00 

ProtocolGame parse message exception (88 bytes, 1 unread, last opcode is 0x00 (0), prev opcode is 0x00 (0), proto: 772): InputMessage eof reached
58 00 54 00 f9 c0 0c 00 00 00 00 00 00 00 00 f8 c0 0c 00 00 02 00 31 34 00 00 02 00 31 32 00 00 00 00 00 00 00 00 00 00 00 00 00 00 00 00 00 00 0f 00 73 74 61 62 62 69 6e 67 20 77 65 61 70 6f 6e 05 00 33 35 2e 30 30 00 00 00 00 00 00 00 
00 00 00 00 00 
00 00 00 00 

ProtocolGame parse message exception (112 bytes, 1 unread, last opcode is 0x00 (0), prev opcode is 0x00 (0), proto: 772): InputMessage eof reached
70 00 6c 00 f9 c0 0c 00 00 00 00 01 00 00 00 60 25 53 62 0e 00 01 00 14 00 00 00 00 00 00 00 06 00 45 72 69 6b 61 73 f8 c0 0c 00 00 02 00 31 34 00 00 02 00 31 32 00 00 00 00 00 00 00 00 00 00 00 00 00 00 00 00 00 00 0f 00 73 74 61 62 62 69 6e 67 20 77 65 61 70 6f 6e 05 00 33 35 2e 30 30 00 00 00 00 00 00 00 
00 00 00 00 00 
00 00 00 00 

ProtocolGame parse message exception (88 bytes, 1 unread, last opcode is 0x00 (0), prev opcode is 0x00 (0), proto: 772): InputMessage eof reached
58 00 54 00 f9 c0 0c 00 00 00 00 00 00 00 00 f8 c0 0c 00 00 02 00 31 34 00 00 02 00 31 32 00 00 00 00 00 00 00 00 00 00 00 00 00 00 00 00 00 00 0f 00 73 74 61 62 62 69 6e 67 20 77 65 61 70 6f 6e 05 00 33 35 2e 30 30 00 00 00 00 00 00 00 
00 00 00 00 00 
00 00 00 00 

ProtocolGame parse message exception (88 bytes, 1 unread, last opcode is 0x00 (0), prev opcode is 0x00 (0), proto: 772): InputMessage eof reached
58 00 54 00 f9 c0 0c 00 00 00 00 00 00 00 00 f8 c0 0c 00 00 02 00 31 34 00 00 02 00 31 32 00 00 00 00 00 00 00 00 00 00 00 00 00 00 00 00 00 00 0f 00 73 74 61 62 62 69 6e 67 20 77 65 61 70 6f 6e 05 00 33 35 2e 30 30 00 00 00 00 00 00 00 
00 00 00 00 00 
00 00 00 00 

ProtocolGame parse message exception (88 bytes, 1 unread, last opcode is 0x00 (0), prev opcode is 0x00 (0), proto: 772): InputMessage eof reached
58 00 54 00 f9 c0 0c 00 00 00 00 00 00 00 00 f8 c0 0c 00 00 02 00 31 34 00 00 02 00 31 32 00 00 00 00 00 00 00 00 00 00 00 00 00 00 00 00 00 00 0f 00 73 74 61 62 62 69 6e 67 20 77 65 61 70 6f 6e 05 00 33 35 2e 30 30 00 00 00 00 00 00 00 
00 00 00 00 00 
00 00 00 00 

ProtocolGame parse message exception (88 bytes, 1 unread, last opcode is 0x00 (0), prev opcode is 0x00 (0), proto: 772): InputMessage eof reached
58 00 54 00 f9 c0 0c 00 00 00 00 00 00 00 00 f8 c0 0c 00 00 02 00 31 34 00 00 02 00 31 32 00 00 00 00 00 00 00 00 00 00 00 00 00 00 00 00 00 00 0f 00 73 74 61 62 62 69 6e 67 20 77 65 61 70 6f 6e 05 00 33 35 2e 30 30 00 00 00 00 00 00 00 
00 00 00 00 00 
00 00 00 00 

ProtocolGame parse message exception (88 bytes, 1 unread, last opcode is 0x00 (0), prev opcode is 0x00 (0), proto: 772): InputMessage eof reached
58 00 54 00 f9 c0 0c 00 00 00 00 00 00 00 00 f8 c0 0c 00 00 02 00 31 34 00 00 02 00 31 32 00 00 00 00 00 00 00 00 00 00 00 00 00 00 00 00 00 00 0f 00 73 74 61 62 62 69 6e 67 20 77 65 61 70 6f 6e 05 00 33 35 2e 30 30 00 00 00 00 00 00 00 
00 00 00 00 00 
00 00 00 00 

ProtocolGame parse message exception (88 bytes, 1 unread, last opcode is 0x00 (0), prev opcode is 0x00 (0), proto: 772): InputMessage eof reached
58 00 54 00 f9 c0 0c 00 00 00 00 00 00 00 00 f8 c0 0c 00 00 02 00 31 34 00 00 02 00 31 32 00 00 00 00 00 00 00 00 00 00 00 00 00 00 00 00 00 00 0f 00 73 74 61 62 62 69 6e 67 20 77 65 61 70 6f 6e 05 00 33 35 2e 30 30 00 00 00 00 00 00 00 
00 00 00 00 00 
00 00 00 00 

ProtocolGame parse message exception (88 bytes, 1 unread, last opcode is 0x00 (0), prev opcode is 0x00 (0), proto: 772): InputMessage eof reached
58 00 54 00 f9 c0 0c 00 00 00 00 00 00 00 00 f8 c0 0c 00 00 02 00 31 34 00 00 02 00 31 32 00 00 00 00 00 00 00 00 00 00 00 00 00 00 00 00 00 00 0f 00 73 74 61 62 62 69 6e 67 20 77 65 61 70 6f 6e 05 00 33 35 2e 30 30 00 00 00 00 00 00 00 
00 00 00 00 00 
00 00 00 00 

ProtocolGame parse message exception (88 bytes, 1 unread, last opcode is 0x00 (0), prev opcode is 0x00 (0), proto: 772): InputMessage eof reached
58 00 54 00 f9 c0 0c 00 00 00 00 00 00 00 00 f8 c0 0c 00 00 02 00 31 34 00 00 02 00 31 32 00 00 00 00 00 00 00 00 00 00 00 00 00 00 00 00 00 00 0f 00 73 74 61 62 62 69 6e 67 20 77 65 61 70 6f 6e 05 00 33 35 2e 30 30 00 00 00 00 00 00 00 
00 00 00 00 00 
00 00 00 00 

ProtocolGame parse message exception (117 bytes, 1 unread, last opcode is 0x00 (0), prev opcode is 0x00 (0), proto: 772): InputMessage eof reached
78 00 71 00 f9 c0 0c 00 00 00 00 01 00 00 00 69 28 53 62 10 00 01 00 14 00 00 00 00 00 00 00 0b 00 4c 61 73 74 20 4b 6e 69 67 68 74 f8 c0 0c 00 00 02 00 31 34 00 00 02 00 31 32 00 00 00 00 00 00 00 00 00 00 00 00 00 00 00 00 00 00 0f 00 73 74 61 62 62 69 6e 67 20 77 65 61 70 6f 6e 05 00 33 35 2e 30 30 00 00 00 00 00 00 00 
00 00 00 00 00 
00 00 00 00 

ProtocolGame parse message exception (185 bytes, 1 unread, last opcode is 0x00 (0), prev opcode is 0x00 (0), proto: 772): InputMessage eof reached
b8 00 b5 00 70 00 c0 0c b4 13 15 00 4e 65 77 20 6d 61 69 6c 20 68 61 73 20 61 72 72 69 76 65 64 2e f6 00 de 21 00 00 00 00 00 00 04 00 c0 0c 01 00 1e 0d 01 00 ae 0d 01 00 35 1d 01 00 f9 c0 0c 00 00 00 00 01 00 00 00 69 28 53 62 10 00 00 00 14 00 00 00 00 00 00 00 0b 00 4c 61 73 74 20 4b 6e 69 67 68 74 f9 c0 0c 00 00 00 00 00 00 00 00 f8 c0 0c 00 00 02 00 31 34 00 00 02 00 31 32 00 00 00 00 00 00 00 00 00 00 00 00 00 00 00 00 00 00 0f 00 73 74 61 62 62 69 6e 67 20 77 65 61 70 6f 6e 05 00 33 35 2e 30 30 00 00 00 00 00 00 00 
00 00 00 00 00 
00 00 00 00 

ProtocolGame parse message exception (88 bytes, 1 unread, last opcode is 0x00 (0), prev opcode is 0x00 (0), proto: 772): InputMessage eof reached
58 00 54 00 f9 c0 0c 00 00 00 00 00 00 00 00 f8 c0 0c 00 00 02 00 31 34 00 00 02 00 31 32 00 00 00 00 00 00 00 00 00 00 00 00 00 00 00 00 00 00 0f 00 73 74 61 62 62 69 6e 67 20 77 65 61 70 6f 6e 05 00 33 35 2e 30 30 00 00 00 00 00 00 00 
00 00 00 00 00 
00 00 00 00 

ProtocolGame parse message exception (88 bytes, 1 unread, last opcode is 0x00 (0), prev opcode is 0x00 (0), proto: 772): InputMessage eof reached
58 00 54 00 f9 c0 0c 00 00 00 00 00 00 00 00 f8 c0 0c 00 00 02 00 31 34 00 00 02 00 31 32 00 00 00 00 00 00 00 00 00 00 00 00 00 00 00 00 00 00 0f 00 73 74 61 62 62 69 6e 67 20 77 65 61 70 6f 6e 05 00 33 35 2e 30 30 00 00 00 00 00 00 00 
00 00 00 00 00 
00 00 00 00 

ProtocolGame parse message exception (88 bytes, 1 unread, last opcode is 0x00 (0), prev opcode is 0x00 (0), proto: 772): InputMessage eof reached
58 00 54 00 f9 c0 0c 00 00 00 00 00 00 00 00 f8 c0 0c 00 00 02 00 31 34 00 00 02 00 31 32 00 00 00 00 00 00 00 00 00 00 00 00 00 00 00 00 00 00 0f 00 73 74 61 62 62 69 6e 67 20 77 65 61 70 6f 6e 05 00 33 35 2e 30 30 00 00 00 00 00 00 00 
00 00 00 00 00 
00 00 00 00 

ProtocolGame parse message exception (88 bytes, 1 unread, last opcode is 0x00 (0), prev opcode is 0x00 (0), proto: 772): InputMessage eof reached
58 00 54 00 f9 c0 0c 00 00 00 00 00 00 00 00 f8 c0 0c 00 00 02 00 31 34 00 00 02 00 31 32 00 00 00 00 00 00 00 00 00 00 00 00 00 00 00 00 00 00 0f 00 73 74 61 62 62 69 6e 67 20 77 65 61 70 6f 6e 05 00 33 35 2e 30 30 00 00 00 00 00 00 00 
00 00 00 00 00 
00 00 00 00 

ProtocolGame parse message exception (88 bytes, 1 unread, last opcode is 0x00 (0), prev opcode is 0x00 (0), proto: 772): InputMessage eof reached
58 00 54 00 f9 c0 0c 00 00 00 00 00 00 00 00 f8 c0 0c 00 00 02 00 31 34 00 00 02 00 31 32 00 00 00 00 00 00 00 00 00 00 00 00 00 00 00 00 00 00 0f 00 73 74 61 62 62 69 6e 67 20 77 65 61 70 6f 6e 05 00 33 35 2e 30 30 00 00 00 00 00 00 00 
00 00 00 00 00 
00 00 00 00 

ProtocolGame parse message exception (88 bytes, 1 unread, last opcode is 0x00 (0), prev opcode is 0x00 (0), proto: 772): InputMessage eof reached
58 00 54 00 f9 c0 0c 00 00 00 00 00 00 00 00 f8 c0 0c 00 00 02 00 31 34 00 00 02 00 31 32 00 00 00 00 00 00 00 00 00 00 00 00 00 00 00 00 00 00 0f 00 73 74 61 62 62 69 6e 67 20 77 65 61 70 6f 6e 05 00 33 35 2e 30 30 00 00 00 00 00 00 00 
00 00 00 00 00 
00 00 00 00 

ProtocolGame parse message exception (88 bytes, 1 unread, last opcode is 0x00 (0), prev opcode is 0x00 (0), proto: 772): InputMessage eof reached
58 00 54 00 f9 c0 0c 00 00 00 00 00 00 00 00 f8 c0 0c 00 00 02 00 31 34 00 00 02 00 31 32 00 00 00 00 00 00 00 00 00 00 00 00 00 00 00 00 00 00 0f 00 73 74 61 62 62 69 6e 67 20 77 65 61 70 6f 6e 05 00 33 35 2e 30 30 00 00 00 00 00 00 00 
00 00 00 00 00 
00 00 00 00 

ProtocolGame parse message exception (117 bytes, 1 unread, last opcode is 0x00 (0), prev opcode is 0x00 (0), proto: 772): InputMessage eof reached
78 00 71 00 f9 c0 0c 00 00 00 00 01 00 00 00 c0 28 53 62 11 00 01 00 10 27 00 00 00 00 00 00 0b 00 4c 61 73 74 20 4b 6e 69 67 68 74 f8 c0 0c 00 00 02 00 31 34 00 00 02 00 31 32 00 00 00 00 00 00 00 00 00 00 00 00 00 00 00 00 00 00 0f 00 73 74 61 62 62 69 6e 67 20 77 65 61 70 6f 6e 05 00 33 35 2e 30 30 00 00 00 00 00 00 00 
00 00 00 00 00 
00 00 00 00 

ProtocolGame parse message exception (117 bytes, 1 unread, last opcode is 0x00 (0), prev opcode is 0x00 (0), proto: 772): InputMessage eof reached
78 00 71 00 f9 c0 0c 00 00 00 00 01 00 00 00 c0 28 53 62 11 00 01 00 10 27 00 00 00 00 00 00 0b 00 4c 61 73 74 20 4b 6e 69 67 68 74 f8 c0 0c 00 00 02 00 31 34 00 00 02 00 31 32 00 00 00 00 00 00 00 00 00 00 00 00 00 00 00 00 00 00 0f 00 73 74 61 62 62 69 6e 67 20 77 65 61 70 6f 6e 05 00 33 35 2e 30 30 00 00 00 00 00 00 00 
00 00 00 00 00 
00 00 00 00 

ProtocolGame parse message exception (117 bytes, 1 unread, last opcode is 0x00 (0), prev opcode is 0x00 (0), proto: 772): InputMessage eof reached
78 00 71 00 f9 c0 0c 00 00 00 00 01 00 00 00 c0 28 53 62 11 00 01 00 10 27 00 00 00 00 00 00 0b 00 4c 61 73 74 20 4b 6e 69 67 68 74 f8 c0 0c 00 00 02 00 31 34 00 00 02 00 31 32 00 00 00 00 00 00 00 00 00 00 00 00 00 00 00 00 00 00 0f 00 73 74 61 62 62 69 6e 67 20 77 65 61 70 6f 6e 05 00 33 35 2e 30 30 00 00 00 00 00 00 00 
00 00 00 00 00 
00 00 00 00 

ProtocolGame parse message exception (185 bytes, 1 unread, last opcode is 0x00 (0), prev opcode is 0x00 (0), proto: 772): InputMessage eof reached
b8 00 b5 00 70 00 c0 0c b4 13 15 00 4e 65 77 20 6d 61 69 6c 20 68 61 73 20 61 72 72 69 76 65 64 2e f6 00 0e 3d 0f 00 00 00 00 00 04 00 c0 0c 02 00 1e 0d 01 00 ae 0d 01 00 35 1d 01 00 f9 c0 0c 00 00 00 00 01 00 00 00 c0 28 53 62 11 00 00 00 10 27 00 00 00 00 00 00 0b 00 4c 61 73 74 20 4b 6e 69 67 68 74 f9 c0 0c 00 00 00 00 00 00 00 00 f8 c0 0c 00 00 02 00 31 34 00 00 02 00 31 32 00 00 00 00 00 00 00 00 00 00 00 00 00 00 00 00 00 00 0f 00 73 74 61 62 62 69 6e 67 20 77 65 61 70 6f 6e 05 00 33 35 2e 30 30 00 00 00 00 00 00 00 
00 00 00 00 00 
00 00 00 00 

ProtocolGame parse message exception (88 bytes, 1 unread, last opcode is 0x00 (0), prev opcode is 0x00 (0), proto: 772): InputMessage eof reached
58 00 54 00 f9 c0 0c 00 00 00 00 00 00 00 00 f8 c0 0c 00 00 02 00 31 34 00 00 02 00 31 32 00 00 00 00 00 00 00 00 00 00 00 00 00 00 00 00 00 00 0f 00 73 74 61 62 62 69 6e 67 20 77 65 61 70 6f 6e 05 00 33 35 2e 30 30 00 00 00 00 00 00 00 
00 00 00 00 00 
00 00 00 00 

ProtocolGame parse message exception (88 bytes, 1 unread, last opcode is 0x00 (0), prev opcode is 0x00 (0), proto: 772): InputMessage eof reached
58 00 54 00 f9 c0 0c 00 00 00 00 00 00 00 00 f8 c0 0c 00 00 02 00 31 34 00 00 02 00 31 32 00 00 00 00 00 00 00 00 00 00 00 00 00 00 00 00 00 00 0f 00 73 74 61 62 62 69 6e 67 20 77 65 61 70 6f 6e 05 00 33 35 2e 30 30 00 00 00 00 00 00 00 
00 00 00 00 00 
00 00 00 00 

ProtocolGame parse message exception (88 bytes, 1 unread, last opcode is 0x00 (0), prev opcode is 0x00 (0), proto: 772): InputMessage eof reached
58 00 54 00 f9 c0 0c 00 00 00 00 00 00 00 00 f8 c0 0c 00 00 02 00 31 34 00 00 02 00 31 32 00 00 00 00 00 00 00 00 00 00 00 00 00 00 00 00 00 00 0f 00 73 74 61 62 62 69 6e 67 20 77 65 61 70 6f 6e 05 00 33 35 2e 30 30 00 00 00 00 00 00 00 
00 00 00 00 00 
00 00 00 00 

ProtocolGame parse message exception (117 bytes, 1 unread, last opcode is 0x00 (0), prev opcode is 0x00 (0), proto: 772): InputMessage eof reached
78 00 71 00 f9 c0 0c 01 00 00 00 fa 28 53 62 12 00 01 00 20 4e 00 00 00 00 00 00 0b 00 4c 61 73 74 20 4b 6e 69 67 68 74 00 00 00 00 f8 c0 0c 00 00 02 00 31 34 00 00 02 00 31 32 00 00 00 00 00 00 00 00 00 00 00 00 00 00 00 00 00 00 0f 00 73 74 61 62 62 69 6e 67 20 77 65 61 70 6f 6e 05 00 33 35 2e 30 30 00 00 00 00 00 00 00 
00 00 00 00 00 
00 00 00 00 

ProtocolGame parse message exception (88 bytes, 1 unread, last opcode is 0x00 (0), prev opcode is 0x00 (0), proto: 772): InputMessage eof reached
58 00 54 00 f9 c0 0c 00 00 00 00 00 00 00 00 f8 c0 0c 00 00 02 00 31 34 00 00 02 00 31 32 00 00 00 00 00 00 00 00 00 00 00 00 00 00 00 00 00 00 0f 00 73 74 61 62 62 69 6e 67 20 77 65 61 70 6f 6e 05 00 33 35 2e 30 30 00 00 00 00 00 00 00 
00 00 00 00 00 
00 00 00 00 

ProtocolGame parse message exception (88 bytes, 1 unread, last opcode is 0x00 (0), prev opcode is 0x00 (0), proto: 772): InputMessage eof reached
58 00 54 00 f9 c0 0c 00 00 00 00 00 00 00 00 f8 c0 0c 00 00 02 00 31 34 00 00 02 00 31 32 00 00 00 00 00 00 00 00 00 00 00 00 00 00 00 00 00 00 0f 00 73 74 61 62 62 69 6e 67 20 77 65 61 70 6f 6e 05 00 33 35 2e 30 30 00 00 00 00 00 00 00 
00 00 00 00 00 
00 00 00 00 

ProtocolGame parse message exception (117 bytes, 1 unread, last opcode is 0x00 (0), prev opcode is 0x00 (0), proto: 772): InputMessage eof reached
78 00 71 00 f9 c0 0c 01 00 00 00 4c 29 53 62 13 00 01 00 c8 00 00 00 00 00 00 00 0b 00 4c 61 73 74 20 4b 6e 69 67 68 74 00 00 00 00 f8 c0 0c 00 00 02 00 31 34 00 00 02 00 31 32 00 00 00 00 00 00 00 00 00 00 00 00 00 00 00 00 00 00 0f 00 73 74 61 62 62 69 6e 67 20 77 65 61 70 6f 6e 05 00 33 35 2e 30 30 00 00 00 00 00 00 00 
00 00 00 00 00 
00 00 00 00 

ProtocolGame parse message exception (88 bytes, 1 unread, last opcode is 0x00 (0), prev opcode is 0x00 (0), proto: 772): InputMessage eof reached
58 00 54 00 f9 c0 0c 00 00 00 00 00 00 00 00 f8 c0 0c 00 00 02 00 31 34 00 00 02 00 31 32 00 00 00 00 00 00 00 00 00 00 00 00 00 00 00 00 00 00 0f 00 73 74 61 62 62 69 6e 67 20 77 65 61 70 6f 6e 05 00 33 35 2e 30 30 00 00 00 00 00 00 00 
00 00 00 00 00 
00 00 00 00 

ProtocolGame parse message exception (88 bytes, 1 unread, last opcode is 0x00 (0), prev opcode is 0x00 (0), proto: 772): InputMessage eof reached
58 00 54 00 f9 c0 0c 00 00 00 00 00 00 00 00 f8 c0 0c 00 00 02 00 31 34 00 00 02 00 31 32 00 00 00 00 00 00 00 00 00 00 00 00 00 00 00 00 00 00 0f 00 73 74 61 62 62 69 6e 67 20 77 65 61 70 6f 6e 05 00 33 35 2e 30 30 00 00 00 00 00 00 00 
00 00 00 00 00 
00 00 00 00 

ProtocolGame parse message exception (129 bytes, 1 unread, last opcode is 0x00 (0), prev opcode is 0x00 (0), proto: 772): InputMessage eof reached
80 00 7d 00 6d 5d 7e e1 7d 07 01 5c 7e e1 7d 07 f9 c0 0c 01 00 00 00 7f 29 53 62 14 00 02 00 20 4e 00 00 00 00 00 00 0b 00 4c 61 73 74 20 4b 6e 69 67 68 74 00 00 00 00 f8 c0 0c 00 00 02 00 31 34 00 00 02 00 31 32 00 00 00 00 00 00 00 00 00 00 00 00 00 00 00 00 00 00 0f 00 73 74 61 62 62 69 6e 67 20 77 65 61 70 6f 6e 05 00 33 35 2e 30 30 00 00 00 00 00 00 00 
00 00 00 00 00 
00 00 00 00 

ProtocolGame parse message exception (117 bytes, 1 unread, last opcode is 0x00 (0), prev opcode is 0x00 (0), proto: 772): InputMessage eof reached
78 00 71 00 f9 c0 0c 01 00 00 00 7f 29 53 62 14 00 01 00 20 4e 00 00 00 00 00 00 0b 00 4c 61 73 74 20 4b 6e 69 67 68 74 00 00 00 00 f8 c0 0c 00 00 02 00 31 34 00 00 02 00 31 32 00 00 00 00 00 00 00 00 00 00 00 00 00 00 00 00 00 00 0f 00 73 74 61 62 62 69 6e 67 20 77 65 61 70 6f 6e 05 00 33 35 2e 30 30 00 00 00 00 00 00 00 
00 00 00 00 00 
00 00 00 00 

ProtocolGame parse message exception (88 bytes, 1 unread, last opcode is 0x00 (0), prev opcode is 0x00 (0), proto: 772): InputMessage eof reached
58 00 54 00 f9 c0 0c 00 00 00 00 00 00 00 00 f8 c0 0c 00 00 02 00 31 34 00 00 02 00 31 32 00 00 00 00 00 00 00 00 00 00 00 00 00 00 00 00 00 00 0f 00 73 74 61 62 62 69 6e 67 20 77 65 61 70 6f 6e 05 00 33 35 2e 30 30 00 00 00 00 00 00 00 
00 00 00 00 00 
00 00 00 00 

ProtocolGame parse message exception (88 bytes, 1 unread, last opcode is 0x00 (0), prev opcode is 0x00 (0), proto: 772): InputMessage eof reached
58 00 54 00 f9 c0 0c 00 00 00 00 00 00 00 00 f8 c0 0c 00 00 02 00 31 34 00 00 02 00 31 32 00 00 00 00 00 00 00 00 00 00 00 00 00 00 00 00 00 00 0f 00 73 74 61 62 62 69 6e 67 20 77 65 61 70 6f 6e 05 00 33 35 2e 30 30 00 00 00 00 00 00 00 
00 00 00 00 00 
00 00 00 00 

ProtocolGame parse message exception (117 bytes, 1 unread, last opcode is 0x00 (0), prev opcode is 0x00 (0), proto: 772): InputMessage eof reached
78 00 71 00 f9 c0 0c 00 00 00 00 01 00 00 00 b4 29 53 62 15 00 01 00 04 00 00 00 00 00 00 00 0b 00 4c 61 73 74 20 4b 6e 69 67 68 74 f8 c0 0c 00 00 02 00 31 34 00 00 02 00 31 32 00 00 00 00 00 00 00 00 00 00 00 00 00 00 00 00 00 00 0f 00 73 74 61 62 62 69 6e 67 20 77 65 61 70 6f 6e 05 00 33 35 2e 30 30 00 00 00 00 00 00 00 
00 00 00 00 00 
00 00 00 00 

ProtocolGame parse message exception (144 bytes, 1 unread, last opcode is 0x00 (0), prev opcode is 0x00 (0), proto: 772): InputMessage eof reached
90 00 8c 00 f9 c0 0c 01 00 00 00 c9 29 53 62 16 00 03 00 04 00 00 00 00 00 00 00 09 00 41 6e 6f 6e 79 6d 6f 75 73 01 00 00 00 b4 29 53 62 15 00 01 00 04 00 00 00 00 00 00 00 0b 00 4c 61 73 74 20 4b 6e 69 67 68 74 f8 c0 0c 00 00 02 00 31 34 00 00 02 00 31 32 00 00 00 00 00 00 00 00 00 00 00 00 00 00 00 00 00 00 0f 00 73 74 61 62 62 69 6e 67 20 77 65 61 70 6f 6e 05 00 33 35 2e 30 30 00 00 00 00 00 00 00 
00 00 00 00 00 
00 00 00 00 

ProtocolGame parse message exception (209 bytes, 1 unread, last opcode is 0x00 (0), prev opcode is 0x00 (0), proto: 772): InputMessage eof reached
d0 00 cd 00 72 00 00 f6 00 3a 28 10 00 00 00 00 00 03 00 1e 0d 01 00 ae 0d 01 00 35 1d 01 00 f9 c0 0c 01 00 00 00 c9 29 53 62 16 00 02 00 04 00 00 00 00 00 00 00 09 00 41 6e 6f 6e 79 6d 6f 75 73 00 00 00 00 f9 c0 0c 01 00 00 00 c9 29 53 62 16 00 02 00 04 00 00 00 00 00 00 00 09 00 41 6e 6f 6e 79 6d 6f 75 73 01 00 00 00 b4 29 53 62 15 00 01 00 04 00 00 00 00 00 00 00 0b 00 4c 61 73 74 20 4b 6e 69 67 68 74 f8 c0 0c 00 00 02 00 31 34 00 00 02 00 31 32 00 00 00 00 00 00 00 00 00 00 00 00 00 00 00 00 00 00 0f 00 73 74 61 62 62 69 6e 67 20 77 65 61 70 6f 6e 05 00 33 35 2e 30 30 00 00 00 00 00 00 00 
00 00 00 00 00 
00 00 00 00 

ProtocolGame parse message exception (144 bytes, 1 unread, last opcode is 0x00 (0), prev opcode is 0x00 (0), proto: 772): InputMessage eof reached
90 00 8c 00 f9 c0 0c 01 00 00 00 c9 29 53 62 16 00 02 00 04 00 00 00 00 00 00 00 09 00 41 6e 6f 6e 79 6d 6f 75 73 01 00 00 00 b4 29 53 62 15 00 01 00 04 00 00 00 00 00 00 00 0b 00 4c 61 73 74 20 4b 6e 69 67 68 74 f8 c0 0c 00 00 02 00 31 34 00 00 02 00 31 32 00 00 00 00 00 00 00 00 00 00 00 00 00 00 00 00 00 00 0f 00 73 74 61 62 62 69 6e 67 20 77 65 61 70 6f 6e 05 00 33 35 2e 30 30 00 00 00 00 00 00 00 
00 00 00 00 00 
00 00 00 00 

ProtocolGame parse message exception (144 bytes, 1 unread, last opcode is 0x00 (0), prev opcode is 0x00 (0), proto: 772): InputMessage eof reached
90 00 8c 00 f9 c0 0c 01 00 00 00 c9 29 53 62 16 00 02 00 04 00 00 00 00 00 00 00 09 00 41 6e 6f 6e 79 6d 6f 75 73 01 00 00 00 b4 29 53 62 15 00 01 00 04 00 00 00 00 00 00 00 0b 00 4c 61 73 74 20 4b 6e 69 67 68 74 f8 c0 0c 00 00 02 00 31 34 00 00 02 00 31 32 00 00 00 00 00 00 00 00 00 00 00 00 00 00 00 00 00 00 0f 00 73 74 61 62 62 69 6e 67 20 77 65 61 70 6f 6e 05 00 33 35 2e 30 30 00 00 00 00 00 00 00 
00 00 00 00 00 
00 00 00 00 

ProtocolGame parse message exception (144 bytes, 1 unread, last opcode is 0x00 (0), prev opcode is 0x00 (0), proto: 772): InputMessage eof reached
90 00 8c 00 f9 c0 0c 01 00 00 00 c9 29 53 62 16 00 02 00 04 00 00 00 00 00 00 00 09 00 41 6e 6f 6e 79 6d 6f 75 73 01 00 00 00 b4 29 53 62 15 00 01 00 04 00 00 00 00 00 00 00 0b 00 4c 61 73 74 20 4b 6e 69 67 68 74 f8 c0 0c 00 00 02 00 31 34 00 00 02 00 31 32 00 00 00 00 00 00 00 00 00 00 00 00 00 00 00 00 00 00 0f 00 73 74 61 62 62 69 6e 67 20 77 65 61 70 6f 6e 05 00 33 35 2e 30 30 00 00 00 00 00 00 00 
00 00 00 00 00 
00 00 00 00 

ProtocolGame parse message exception (144 bytes, 1 unread, last opcode is 0x00 (0), prev opcode is 0x00 (0), proto: 772): InputMessage eof reached
90 00 8c 00 f9 c0 0c 01 00 00 00 c9 29 53 62 16 00 02 00 04 00 00 00 00 00 00 00 09 00 41 6e 6f 6e 79 6d 6f 75 73 01 00 00 00 b4 29 53 62 15 00 01 00 04 00 00 00 00 00 00 00 0b 00 4c 61 73 74 20 4b 6e 69 67 68 74 f8 c0 0c 00 00 02 00 31 34 00 00 02 00 31 32 00 00 00 00 00 00 00 00 00 00 00 00 00 00 00 00 00 00 0f 00 73 74 61 62 62 69 6e 67 20 77 65 61 70 6f 6e 05 00 33 35 2e 30 30 00 00 00 00 00 00 00 
00 00 00 00 00 
00 00 00 00 

ProtocolGame parse message exception (144 bytes, 1 unread, last opcode is 0x00 (0), prev opcode is 0x00 (0), proto: 772): InputMessage eof reached
90 00 8c 00 f9 c0 0c 01 00 00 00 c9 29 53 62 16 00 01 00 04 00 00 00 00 00 00 00 09 00 41 6e 6f 6e 79 6d 6f 75 73 01 00 00 00 b4 29 53 62 15 00 01 00 04 00 00 00 00 00 00 00 0b 00 4c 61 73 74 20 4b 6e 69 67 68 74 f8 c0 0c 00 00 02 00 31 34 00 00 02 00 31 32 00 00 00 00 00 00 00 00 00 00 00 00 00 00 00 00 00 00 0f 00 73 74 61 62 62 69 6e 67 20 77 65 61 70 6f 6e 05 00 33 35 2e 30 30 00 00 00 00 00 00 00 
00 00 00 00 00 
00 00 00 00 

ProtocolGame parse message exception (144 bytes, 1 unread, last opcode is 0x00 (0), prev opcode is 0x00 (0), proto: 772): InputMessage eof reached
90 00 8c 00 f9 c0 0c 01 00 00 00 c9 29 53 62 16 00 01 00 04 00 00 00 00 00 00 00 09 00 41 6e 6f 6e 79 6d 6f 75 73 01 00 00 00 b4 29 53 62 15 00 01 00 04 00 00 00 00 00 00 00 0b 00 4c 61 73 74 20 4b 6e 69 67 68 74 f8 c0 0c 00 00 02 00 31 34 00 00 02 00 31 32 00 00 00 00 00 00 00 00 00 00 00 00 00 00 00 00 00 00 0f 00 73 74 61 62 62 69 6e 67 20 77 65 61 70 6f 6e 05 00 33 35 2e 30 30 00 00 00 00 00 00 00 
00 00 00 00 00 
00 00 00 00 

ProtocolGame parse message exception (182 bytes, 1 unread, last opcode is 0x00 (0), prev opcode is 0x00 (0), proto: 772): InputMessage eof reached
b8 00 b2 00 72 00 00 f6 00 42 28 10 00 00 00 00 00 03 00 1e 0d 01 00 ae 0d 01 00 35 1d 01 00 f9 c0 0c 01 00 00 00 c9 29 53 62 16 00 00 00 04 00 00 00 00 00 00 00 09 00 41 6e 6f 6e 79 6d 6f 75 73 00 00 00 00 f9 c0 0c 00 00 00 00 01 00 00 00 b4 29 53 62 15 00 01 00 04 00 00 00 00 00 00 00 0b 00 4c 61 73 74 20 4b 6e 69 67 68 74 f8 c0 0c 00 00 02 00 31 34 00 00 02 00 31 32 00 00 00 00 00 00 00 00 00 00 00 00 00 00 00 00 00 00 0f 00 73 74 61 62 62 69 6e 67 20 77 65 61 70 6f 6e 05 00 33 35 2e 30 30 00 00 00 00 00 00 00 
00 00 00 00 00 
00 00 00 00 

ProtocolGame parse message exception (117 bytes, 1 unread, last opcode is 0x00 (0), prev opcode is 0x00 (0), proto: 772): InputMessage eof reached
78 00 71 00 f9 c0 0c 00 00 00 00 01 00 00 00 b4 29 53 62 15 00 01 00 04 00 00 00 00 00 00 00 0b 00 4c 61 73 74 20 4b 6e 69 67 68 74 f8 c0 0c 00 00 02 00 31 34 00 00 02 00 31 32 00 00 00 00 00 00 00 00 00 00 00 00 00 00 00 00 00 00 0f 00 73 74 61 62 62 69 6e 67 20 77 65 61 70 6f 6e 05 00 33 35 2e 30 30 00 00 00 00 00 00 00 
00 00 00 00 00 
00 00 00 00 

ProtocolGame parse message exception (144 bytes, 1 unread, last opcode is 0x00 (0), prev opcode is 0x00 (0), proto: 772): InputMessage eof reached
90 00 8c 00 f9 c0 0c 01 00 00 00 23 2a 53 62 17 00 01 00 01 00 00 00 00 00 00 00 09 00 41 6e 6f 6e 79 6d 6f 75 73 01 00 00 00 b4 29 53 62 15 00 01 00 04 00 00 00 00 00 00 00 0b 00 4c 61 73 74 20 4b 6e 69 67 68 74 f8 c0 0c 00 00 02 00 31 34 00 00 02 00 31 32 00 00 00 00 00 00 00 00 00 00 00 00 00 00 00 00 00 00 0f 00 73 74 61 62 62 69 6e 67 20 77 65 61 70 6f 6e 05 00 33 35 2e 30 30 00 00 00 00 00 00 00 
00 00 00 00 00 
00 00 00 00 

ProtocolGame parse message exception (182 bytes, 1 unread, last opcode is 0x00 (0), prev opcode is 0x00 (0), proto: 772): InputMessage eof reached
b8 00 b2 00 72 00 00 f6 00 43 28 10 00 00 00 00 00 03 00 1e 0d 01 00 ae 0d 01 00 35 1d 01 00 f9 c0 0c 01 00 00 00 23 2a 53 62 17 00 00 00 01 00 00 00 00 00 00 00 09 00 41 6e 6f 6e 79 6d 6f 75 73 00 00 00 00 f9 c0 0c 00 00 00 00 01 00 00 00 b4 29 53 62 15 00 01 00 04 00 00 00 00 00 00 00 0b 00 4c 61 73 74 20 4b 6e 69 67 68 74 f8 c0 0c 00 00 02 00 31 34 00 00 02 00 31 32 00 00 00 00 00 00 00 00 00 00 00 00 00 00 00 00 00 00 0f 00 73 74 61 62 62 69 6e 67 20 77 65 61 70 6f 6e 05 00 33 35 2e 30 30 00 00 00 00 00 00 00 
00 00 00 00 00 
00 00 00 00 

ProtocolGame parse message exception (88 bytes, 1 unread, last opcode is 0x00 (0), prev opcode is 0x00 (0), proto: 772): InputMessage eof reached
58 00 54 00 f9 c0 0c 00 00 00 00 00 00 00 00 f8 c0 0c 00 00 02 00 31 34 00 00 02 00 31 32 00 00 00 00 00 00 00 00 00 00 00 00 00 00 00 00 00 00 0f 00 73 74 61 62 62 69 6e 67 20 77 65 61 70 6f 6e 05 00 33 35 2e 30 30 00 00 00 00 00 00 00 
00 00 00 00 00 
00 00 00 00 

ProtocolGame parse message exception (88 bytes, 1 unread, last opcode is 0x00 (0), prev opcode is 0x00 (0), proto: 772): InputMessage eof reached
58 00 54 00 f9 c0 0c 00 00 00 00 00 00 00 00 f8 c0 0c 00 00 02 00 31 34 00 00 02 00 31 32 00 00 00 00 00 00 00 00 00 00 00 00 00 00 00 00 00 00 0f 00 73 74 61 62 62 69 6e 67 20 77 65 61 70 6f 6e 05 00 33 35 2e 30 30 00 00 00 00 00 00 00 
00 00 00 00 00 
00 00 00 00 

ProtocolGame parse message exception (115 bytes, 1 unread, last opcode is 0x00 (0), prev opcode is 0x00 (0), proto: 772): InputMessage eof reached
78 00 6f 00 f9 c0 0c 00 00 00 00 01 00 00 00 7f 2c 53 62 18 00 01 00 08 7b 0e 00 00 00 00 00 09 00 41 6e 6f 6e 79 6d 6f 75 73 f8 c0 0c 00 00 02 00 31 34 00 00 02 00 31 32 00 00 00 00 00 00 00 00 00 00 00 00 00 00 00 00 00 00 0f 00 73 74 61 62 62 69 6e 67 20 77 65 61 70 6f 6e 05 00 33 35 2e 30 30 00 00 00 00 00 00 00 
00 00 00 00 00 
00 00 00 00 

ProtocolGame parse message exception (183 bytes, 1 unread, last opcode is 0x00 (0), prev opcode is 0x00 (0), proto: 772): InputMessage eof reached
b8 00 b3 00 70 00 c0 0c b4 13 15 00 4e 65 77 20 6d 61 69 6c 20 68 61 73 20 61 72 72 69 76 65 64 2e f6 00 2a e9 00 00 00 00 00 00 04 00 c0 0c 01 00 1e 0d 01 00 ae 0d 01 00 35 1d 01 00 f9 c0 0c 00 00 00 00 01 00 00 00 7f 2c 53 62 18 00 00 00 08 7b 0e 00 00 00 00 00 09 00 41 6e 6f 6e 79 6d 6f 75 73 f9 c0 0c 00 00 00 00 00 00 00 00 f8 c0 0c 00 00 02 00 31 34 00 00 02 00 31 32 00 00 00 00 00 00 00 00 00 00 00 00 00 00 00 00 00 00 0f 00 73 74 61 62 62 69 6e 67 20 77 65 61 70 6f 6e 05 00 33 35 2e 30 30 00 00 00 00 00 00 00 
00 00 00 00 00 
00 00 00 00 

ProtocolGame parse message exception (88 bytes, 1 unread, last opcode is 0x00 (0), prev opcode is 0x00 (0), proto: 772): InputMessage eof reached
58 00 54 00 f9 c0 0c 00 00 00 00 00 00 00 00 f8 c0 0c 00 00 02 00 31 34 00 00 02 00 31 32 00 00 00 00 00 00 00 00 00 00 00 00 00 00 00 00 00 00 0f 00 73 74 61 62 62 69 6e 67 20 77 65 61 70 6f 6e 05 00 33 35 2e 30 30 00 00 00 00 00 00 00 
00 00 00 00 00 
00 00 00 00 

ProtocolGame parse message exception (88 bytes, 1 unread, last opcode is 0x00 (0), prev opcode is 0x00 (0), proto: 772): InputMessage eof reached
58 00 54 00 f9 c0 0c 00 00 00 00 00 00 00 00 f8 c0 0c 00 00 02 00 31 34 00 00 02 00 31 32 00 00 00 00 00 00 00 00 00 00 00 00 00 00 00 00 00 00 0f 00 73 74 61 62 62 69 6e 67 20 77 65 61 70 6f 6e 05 00 33 35 2e 30 30 00 00 00 00 00 00 00 
00 00 00 00 00 
00 00 00 00 

ProtocolGame parse message exception (88 bytes, 1 unread, last opcode is 0x00 (0), prev opcode is 0x00 (0), proto: 772): InputMessage eof reached
58 00 54 00 f9 c0 0c 00 00 00 00 00 00 00 00 f8 c0 0c 00 00 02 00 31 34 00 00 02 00 31 32 00 00 00 00 00 00 00 00 00 00 00 00 00 00 00 00 00 00 0f 00 73 74 61 62 62 69 6e 67 20 77 65 61 70 6f 6e 05 00 33 35 2e 30 30 00 00 00 00 00 00 00 
00 00 00 00 00 
00 00 00 00 

